2025-01-02 17:10:07		-------------------------------------------------------------
2025-01-02 17:10:07		++++++++++++PROC CLEAN++++++++++++
2025-01-02 17:10:07		Clean Current Adhan processes
2025-01-02 17:10:07		Number of processes to kill : 0
2025-01-02 17:10:07		++++++++++++FILE CLEAN++++++++++++
total 268
-rw-r--r-- 1 ted ted    61 Dec 17 20:02 psvlc_20241217200242.log
-rw-r--r-- 1 ted ted    61 Dec 17 20:03 psvlc_20241217200355.log
-rw-r--r-- 1 ted ted  2707 Dec 17 20:03 Traces_17122024.log
-rw-r--r-- 1 ted ted   974 Dec 18 02:05 psvlc_20241218020528.log
-rw-r--r-- 1 ted ted  1865 Dec 18 02:05 Traces_18122024.log
-rw-r--r-- 1 ted ted  1202 Dec 19 02:05 psvlc_20241219020527.log
-rw-r--r-- 1 ted ted  1200 Dec 19 02:06 psvlc_20241219020652.log
-rw-r--r-- 1 ted ted   975 Dec 19 09:43 psvlc_20241219094332.log
-rw-r--r-- 1 ted ted   974 Dec 19 09:44 psvlc_20241219094412.log
-rw-r--r-- 1 ted ted   516 Dec 19 12:55 psvlc_20241219125513.log
-rw-r--r-- 1 ted ted   745 Dec 19 13:26 psvlc_20241219132629.log
-rw-r--r-- 1 ted ted    61 Dec 19 22:53 psvlc_20241219225309.log
-rw-r--r-- 1 ted ted   122 Dec 19 22:55 psvlc_20241219225514.log
-rw-r--r-- 1 ted ted    61 Dec 19 22:57 psvlc_20241219225715.log
-rw-r--r-- 1 ted ted   968 Dec 19 22:57 psvlc_20241219225743.log
-rw-r--r-- 1 ted ted    61 Dec 19 22:59 psvlc_20241219225901.log
-rw-r--r-- 1 ted ted 27580 Dec 19 22:59 Traces_19122024.log
-rw-r--r-- 1 ted ted   746 Dec 20 02:05 psvlc_20241220020527.log
-rw-r--r-- 1 ted ted    61 Dec 20 21:21 psvlc_20241220212116.log
-rw-r--r-- 1 ted ted    61 Dec 20 21:22 psvlc_20241220212256.log
-rw-r--r-- 1 ted ted  7600 Dec 20 21:22 Traces_20122024.log
-rw-r--r-- 1 ted ted  1200 Dec 21 02:05 psvlc_20241221020527.log
-rw-r--r-- 1 ted ted  3124 Dec 21 02:05 Traces_21122024.log
-rw-r--r-- 1 ted ted  1201 Dec 22 02:05 psvlc_20241222020528.log
-rw-r--r-- 1 ted ted  3249 Dec 22 02:05 Traces_22122024.log
-rw-r--r-- 1 ted ted  1202 Dec 23 02:05 psvlc_20241223020527.log
-rw-r--r-- 1 ted ted    61 Dec 23 22:59 psvlc_20241223225917.log
-rw-r--r-- 1 ted ted    61 Dec 23 23:01 psvlc_20241223230108.log
-rw-r--r-- 1 ted ted  9304 Dec 23 23:01 Traces_23122024.log
-rw-r--r-- 1 ted ted   974 Dec 24 02:05 psvlc_20241224020525.log
-rw-r--r-- 1 ted ted  3440 Dec 24 02:05 Traces_24122024.log
-rw-r--r-- 1 ted ted   975 Dec 25 02:05 psvlc_20241225020528.log
-rw-r--r-- 1 ted ted  3565 Dec 25 02:05 Traces_25122024.log
-rw-r--r-- 1 ted ted   975 Dec 26 02:05 psvlc_20241226020527.log
-rw-r--r-- 1 ted ted  3690 Dec 26 02:05 Traces_26122024.log
-rw-r--r-- 1 ted ted   976 Dec 27 02:05 psvlc_20241227020528.log
-rw-r--r-- 1 ted ted  3815 Dec 27 02:05 Traces_27122024.log
-rw-r--r-- 1 ted ted   745 Dec 28 02:05 psvlc_20241228020526.log
-rw-r--r-- 1 ted ted  3940 Dec 28 02:05 Traces_28122024.log
-rw-r--r-- 1 ted ted   975 Dec 29 02:05 psvlc_20241229020527.log
-rw-r--r-- 1 ted ted  4065 Dec 29 02:05 Traces_29122024.log
-rw-r--r-- 1 ted ted   973 Dec 30 02:05 psvlc_20241230020528.log
-rw-r--r-- 1 ted ted  4190 Dec 30 02:05 Traces_30122024.log
-rw-r--r-- 1 ted ted   975 Dec 31 02:05 psvlc_20241231020526.log
-rw-r--r-- 1 ted ted  4315 Dec 31 02:05 Traces_31122024.log
-rw-r--r-- 1 ted ted   974 Jan  1 00:05 psvlc_20250101000528.log
-rw-r--r-- 1 ted ted  1201 Jan  1 00:07 psvlc_20250101000706.log
-rw-r--r-- 1 ted ted  1201 Jan  1 02:05 psvlc_20250101020526.log
-rw-r--r-- 1 ted ted    61 Jan  1 21:43 psvlc_20250101214350.log
-rw-r--r-- 1 ted ted 18264 Jan  1 21:43 Traces_01012025.log
-rw-r--r-- 1 ted ted   299 Jan  2 17:10 Traces_02012025.log
2025-01-02 17:10:07		++++++++++++MAIN++++++++++++
2025-01-02 17:10:07		Getting Final URL
2025-01-02 17:10:07		Test Agument Present ? (if arg 1 == TEST, we will test). Arg 1 = []
2025-01-02 17:10:07		URL FINAL : https://api.aladhan.com/v1/timings/02-01-2025?latitude=48.7824971&longitude=2.343032&method=12
2025-01-02 17:10:08		Fajr Time For Fajr : 07:27
2025-01-02 17:10:08		DIFF between Fajr and now is : -34988
2025-01-02 17:10:09		Dhuhr Time For Dhuhr : 12:55
2025-01-02 17:10:09		DIFF between Dhuhr and now is : -15309
2025-01-02 17:10:10		Asr Time For Asr : 14:48
2025-01-02 17:10:10		DIFF between Asr and now is : -8530
2025-01-02 17:10:10		Maghrib Time For Maghrib : 17:06
2025-01-02 17:10:10		DIFF between Maghrib and now is : -250
2025-01-02 17:10:11		Isha Time For Isha : 18:23
2025-01-02 17:10:11		DIFF between Isha and now is : 4369
2025-01-02 17:10:11		DIFF is positive
2025-01-02 17:10:11		Setting up Adhan Time... for Isha
2025-01-02 17:10:11		Tracing result
2025-01-02 17:10:11		Writing in Git all ADHAN files. including logs...
2025-01-02 20:19:47		-------------------------------------------------------------
2025-01-02 20:19:47		++++++++++++PROC CLEAN++++++++++++
2025-01-02 20:19:47		Clean Current Adhan processes
2025-01-02 20:19:47		Number of processes to kill : 0
2025-01-02 20:19:47		++++++++++++FILE CLEAN++++++++++++
total 276
-rw-r--r-- 1 ted ted    61 Dec 17 20:02 psvlc_20241217200242.log
-rw-r--r-- 1 ted ted    61 Dec 17 20:03 psvlc_20241217200355.log
-rw-r--r-- 1 ted ted  2707 Dec 17 20:03 Traces_17122024.log
-rw-r--r-- 1 ted ted   974 Dec 18 02:05 psvlc_20241218020528.log
-rw-r--r-- 1 ted ted  1865 Dec 18 02:05 Traces_18122024.log
-rw-r--r-- 1 ted ted  1202 Dec 19 02:05 psvlc_20241219020527.log
-rw-r--r-- 1 ted ted  1200 Dec 19 02:06 psvlc_20241219020652.log
-rw-r--r-- 1 ted ted   975 Dec 19 09:43 psvlc_20241219094332.log
-rw-r--r-- 1 ted ted   974 Dec 19 09:44 psvlc_20241219094412.log
-rw-r--r-- 1 ted ted   516 Dec 19 12:55 psvlc_20241219125513.log
-rw-r--r-- 1 ted ted   745 Dec 19 13:26 psvlc_20241219132629.log
-rw-r--r-- 1 ted ted    61 Dec 19 22:53 psvlc_20241219225309.log
-rw-r--r-- 1 ted ted   122 Dec 19 22:55 psvlc_20241219225514.log
-rw-r--r-- 1 ted ted    61 Dec 19 22:57 psvlc_20241219225715.log
-rw-r--r-- 1 ted ted   968 Dec 19 22:57 psvlc_20241219225743.log
-rw-r--r-- 1 ted ted    61 Dec 19 22:59 psvlc_20241219225901.log
-rw-r--r-- 1 ted ted 27580 Dec 19 22:59 Traces_19122024.log
-rw-r--r-- 1 ted ted   746 Dec 20 02:05 psvlc_20241220020527.log
-rw-r--r-- 1 ted ted    61 Dec 20 21:21 psvlc_20241220212116.log
-rw-r--r-- 1 ted ted    61 Dec 20 21:22 psvlc_20241220212256.log
-rw-r--r-- 1 ted ted  7600 Dec 20 21:22 Traces_20122024.log
-rw-r--r-- 1 ted ted  1200 Dec 21 02:05 psvlc_20241221020527.log
-rw-r--r-- 1 ted ted  3124 Dec 21 02:05 Traces_21122024.log
-rw-r--r-- 1 ted ted  1201 Dec 22 02:05 psvlc_20241222020528.log
-rw-r--r-- 1 ted ted  3249 Dec 22 02:05 Traces_22122024.log
-rw-r--r-- 1 ted ted  1202 Dec 23 02:05 psvlc_20241223020527.log
-rw-r--r-- 1 ted ted    61 Dec 23 22:59 psvlc_20241223225917.log
-rw-r--r-- 1 ted ted    61 Dec 23 23:01 psvlc_20241223230108.log
-rw-r--r-- 1 ted ted  9304 Dec 23 23:01 Traces_23122024.log
-rw-r--r-- 1 ted ted   974 Dec 24 02:05 psvlc_20241224020525.log
-rw-r--r-- 1 ted ted  3440 Dec 24 02:05 Traces_24122024.log
-rw-r--r-- 1 ted ted   975 Dec 25 02:05 psvlc_20241225020528.log
-rw-r--r-- 1 ted ted  3565 Dec 25 02:05 Traces_25122024.log
-rw-r--r-- 1 ted ted   975 Dec 26 02:05 psvlc_20241226020527.log
-rw-r--r-- 1 ted ted  3690 Dec 26 02:05 Traces_26122024.log
-rw-r--r-- 1 ted ted   976 Dec 27 02:05 psvlc_20241227020528.log
-rw-r--r-- 1 ted ted  3815 Dec 27 02:05 Traces_27122024.log
-rw-r--r-- 1 ted ted   745 Dec 28 02:05 psvlc_20241228020526.log
-rw-r--r-- 1 ted ted  3940 Dec 28 02:05 Traces_28122024.log
-rw-r--r-- 1 ted ted   975 Dec 29 02:05 psvlc_20241229020527.log
-rw-r--r-- 1 ted ted  4065 Dec 29 02:05 Traces_29122024.log
-rw-r--r-- 1 ted ted   973 Dec 30 02:05 psvlc_20241230020528.log
-rw-r--r-- 1 ted ted  4190 Dec 30 02:05 Traces_30122024.log
-rw-r--r-- 1 ted ted   975 Dec 31 02:05 psvlc_20241231020526.log
-rw-r--r-- 1 ted ted  4315 Dec 31 02:05 Traces_31122024.log
-rw-r--r-- 1 ted ted   974 Jan  1 00:05 psvlc_20250101000528.log
-rw-r--r-- 1 ted ted  1201 Jan  1 00:07 psvlc_20250101000706.log
-rw-r--r-- 1 ted ted  1201 Jan  1 02:05 psvlc_20250101020526.log
-rw-r--r-- 1 ted ted    61 Jan  1 21:43 psvlc_20250101214350.log
-rw-r--r-- 1 ted ted 18264 Jan  1 21:43 Traces_01012025.log
-rw-r--r-- 1 ted ted   288 Jan  2 17:10 psvlc_20250102171011.log
-rw-r--r-- 1 ted ted  4883 Jan  2 20:19 Traces_02012025.log
2025-01-02 20:19:47		++++++++++++MAIN++++++++++++
2025-01-02 20:19:47		Getting Final URL
2025-01-02 20:19:47		Test Agument Present ? (if arg 1 == TEST, we will test). Arg 1 = []
2025-01-02 20:19:47		URL FINAL : https://api.aladhan.com/v1/timings/02-01-2025?latitude=48.7824971&longitude=2.343032&method=12
2025-01-02 20:19:48		Fajr Time For Fajr : 07:27
2025-01-02 20:19:48		DIFF between Fajr and now is : -46368
2025-01-02 20:19:49		Dhuhr Time For Dhuhr : 12:55
2025-01-02 20:19:49		DIFF between Dhuhr and now is : -26689
2025-01-02 20:19:50		Asr Time For Asr : 14:48
2025-01-02 20:19:50		DIFF between Asr and now is : -19910
2025-01-02 20:19:51		Maghrib Time For Maghrib : 17:06
2025-01-02 20:19:51		DIFF between Maghrib and now is : -11631
2025-01-02 20:19:52		Isha Time For Isha : 18:23
2025-01-02 20:19:52		DIFF between Isha and now is : -7012
2025-01-02 20:19:52		Tracing result
2025-01-02 20:19:52		Writing in Git all ADHAN files. including logs...
2025-01-02 21:26:17		-------------------------------------------------------------
2025-01-02 21:26:17		++++++++++++PROC CLEAN++++++++++++
2025-01-02 21:26:17		Clean Current Adhan processes
2025-01-02 21:26:17		Number of processes to kill : 0
2025-01-02 21:26:17		++++++++++++FILE CLEAN++++++++++++
total 284
-rw-r--r-- 1 ted ted    61 Dec 17 20:02 psvlc_20241217200242.log
-rw-r--r-- 1 ted ted    61 Dec 17 20:03 psvlc_20241217200355.log
-rw-r--r-- 1 ted ted  2707 Dec 17 20:03 Traces_17122024.log
-rw-r--r-- 1 ted ted   974 Dec 18 02:05 psvlc_20241218020528.log
-rw-r--r-- 1 ted ted  1865 Dec 18 02:05 Traces_18122024.log
-rw-r--r-- 1 ted ted  1202 Dec 19 02:05 psvlc_20241219020527.log
-rw-r--r-- 1 ted ted  1200 Dec 19 02:06 psvlc_20241219020652.log
-rw-r--r-- 1 ted ted   975 Dec 19 09:43 psvlc_20241219094332.log
-rw-r--r-- 1 ted ted   974 Dec 19 09:44 psvlc_20241219094412.log
-rw-r--r-- 1 ted ted   516 Dec 19 12:55 psvlc_20241219125513.log
-rw-r--r-- 1 ted ted   745 Dec 19 13:26 psvlc_20241219132629.log
-rw-r--r-- 1 ted ted    61 Dec 19 22:53 psvlc_20241219225309.log
-rw-r--r-- 1 ted ted   122 Dec 19 22:55 psvlc_20241219225514.log
-rw-r--r-- 1 ted ted    61 Dec 19 22:57 psvlc_20241219225715.log
-rw-r--r-- 1 ted ted   968 Dec 19 22:57 psvlc_20241219225743.log
-rw-r--r-- 1 ted ted    61 Dec 19 22:59 psvlc_20241219225901.log
-rw-r--r-- 1 ted ted 27580 Dec 19 22:59 Traces_19122024.log
-rw-r--r-- 1 ted ted   746 Dec 20 02:05 psvlc_20241220020527.log
-rw-r--r-- 1 ted ted    61 Dec 20 21:21 psvlc_20241220212116.log
-rw-r--r-- 1 ted ted    61 Dec 20 21:22 psvlc_20241220212256.log
-rw-r--r-- 1 ted ted  7600 Dec 20 21:22 Traces_20122024.log
-rw-r--r-- 1 ted ted  1200 Dec 21 02:05 psvlc_20241221020527.log
-rw-r--r-- 1 ted ted  3124 Dec 21 02:05 Traces_21122024.log
-rw-r--r-- 1 ted ted  1201 Dec 22 02:05 psvlc_20241222020528.log
-rw-r--r-- 1 ted ted  3249 Dec 22 02:05 Traces_22122024.log
-rw-r--r-- 1 ted ted  1202 Dec 23 02:05 psvlc_20241223020527.log
-rw-r--r-- 1 ted ted    61 Dec 23 22:59 psvlc_20241223225917.log
-rw-r--r-- 1 ted ted    61 Dec 23 23:01 psvlc_20241223230108.log
-rw-r--r-- 1 ted ted  9304 Dec 23 23:01 Traces_23122024.log
-rw-r--r-- 1 ted ted   974 Dec 24 02:05 psvlc_20241224020525.log
-rw-r--r-- 1 ted ted  3440 Dec 24 02:05 Traces_24122024.log
-rw-r--r-- 1 ted ted   975 Dec 25 02:05 psvlc_20241225020528.log
-rw-r--r-- 1 ted ted  3565 Dec 25 02:05 Traces_25122024.log
-rw-r--r-- 1 ted ted   975 Dec 26 02:05 psvlc_20241226020527.log
-rw-r--r-- 1 ted ted  3690 Dec 26 02:05 Traces_26122024.log
-rw-r--r-- 1 ted ted   976 Dec 27 02:05 psvlc_20241227020528.log
-rw-r--r-- 1 ted ted  3815 Dec 27 02:05 Traces_27122024.log
-rw-r--r-- 1 ted ted   745 Dec 28 02:05 psvlc_20241228020526.log
-rw-r--r-- 1 ted ted  3940 Dec 28 02:05 Traces_28122024.log
-rw-r--r-- 1 ted ted   975 Dec 29 02:05 psvlc_20241229020527.log
-rw-r--r-- 1 ted ted  4065 Dec 29 02:05 Traces_29122024.log
-rw-r--r-- 1 ted ted   973 Dec 30 02:05 psvlc_20241230020528.log
-rw-r--r-- 1 ted ted  4190 Dec 30 02:05 Traces_30122024.log
-rw-r--r-- 1 ted ted   975 Dec 31 02:05 psvlc_20241231020526.log
-rw-r--r-- 1 ted ted  4315 Dec 31 02:05 Traces_31122024.log
-rw-r--r-- 1 ted ted   974 Jan  1 00:05 psvlc_20250101000528.log
-rw-r--r-- 1 ted ted  1201 Jan  1 00:07 psvlc_20250101000706.log
-rw-r--r-- 1 ted ted  1201 Jan  1 02:05 psvlc_20250101020526.log
-rw-r--r-- 1 ted ted    61 Jan  1 21:43 psvlc_20250101214350.log
-rw-r--r-- 1 ted ted 18264 Jan  1 21:43 Traces_01012025.log
-rw-r--r-- 1 ted ted   288 Jan  2 17:10 psvlc_20250102171011.log
-rw-r--r-- 1 ted ted    61 Jan  2 20:19 psvlc_20250102201952.log
-rw-r--r-- 1 ted ted  9443 Jan  2 21:26 Traces_02012025.log
2025-01-02 21:26:17		++++++++++++MAIN++++++++++++
2025-01-02 21:26:17		Getting Final URL
2025-01-02 21:26:17		Test Agument Present ? (if arg 1 == TEST, we will test). Arg 1 = []
2025-01-02 21:26:17		URL FINAL : https://api.aladhan.com/v1/timings/02-01-2025?latitude=48.7824971&longitude=2.343032&method=12
2025-01-02 21:26:18		Fajr Time For Fajr : 07:27
2025-01-02 21:26:18		DIFF between Fajr and now is : -50358
2025-01-02 21:26:19		Dhuhr Time For Dhuhr : 12:55
2025-01-02 21:26:19		DIFF between Dhuhr and now is : -30679
2025-01-02 21:26:19		Asr Time For Asr : 14:48
2025-01-02 21:26:19		DIFF between Asr and now is : -23899
2025-01-02 21:26:20		Maghrib Time For Maghrib : 17:06
2025-01-02 21:26:20		DIFF between Maghrib and now is : -15620
2025-01-02 21:26:21		Isha Time For Isha : 18:23
2025-01-02 21:26:21		DIFF between Isha and now is : -11001
2025-01-02 21:26:21		Tracing result
2025-01-02 21:26:21		Writing in Git all ADHAN files. including logs...
