2025-01-09 23:52:03		-------------------------------------------------------------
2025-01-09 23:52:03		++++++++++++PROC CLEAN++++++++++++
2025-01-09 23:52:03		Clean Current Adhan processes
2025-01-09 23:52:03		Number of processes to kill : 0
2025-01-09 23:52:03		++++++++++++FILE CLEAN++++++++++++
total 4
-rw-r--r-- 1 ted ted 299 Jan  9 23:52 Traces_09012025.log
2025-01-09 23:52:03		++++++++++++MAIN++++++++++++
2025-01-09 23:52:03		Getting Final URL
2025-01-09 23:52:03		Test Agument Present ? (if arg 1 == TEST, we will test). Arg 1 = []
2025-01-09 23:52:03		URL FINAL : https://api.aladhan.com/v1/timings/09-01-2025?latitude=48.7824971&longitude=2.343032&method=12
2025-01-09 23:52:04		Fajr Time For Fajr : 07:26
2025-01-09 23:52:04		DIFF between Fajr and now is : -59164
2025-01-09 23:52:05		Dhuhr Time For Dhuhr : 12:58
2025-01-09 23:52:05		DIFF between Dhuhr and now is : -39245
2025-01-09 23:52:05		Asr Time For Asr : 14:54
2025-01-09 23:52:06		DIFF between Asr and now is : -32286
2025-01-09 23:52:06		Maghrib Time For Maghrib : 17:14
2025-01-09 23:52:06		DIFF between Maghrib and now is : -23886
2025-01-09 23:52:07		Isha Time For Isha : 18:30
2025-01-09 23:52:07		DIFF between Isha and now is : -19327
2025-01-09 23:52:07		Tracing result
2025-01-09 23:52:07		Writing in Git all ADHAN files. including logs...
2025-01-09 23:53:34		-------------------------------------------------------------
2025-01-09 23:53:34		++++++++++++PROC CLEAN++++++++++++
2025-01-09 23:53:34		Clean Current Adhan processes
2025-01-09 23:53:34		Number of processes to kill : 0
2025-01-09 23:53:34		++++++++++++FILE CLEAN++++++++++++
total 8
-rw-r--r-- 1 ted ted   61 Jan  9 23:52 psvlc_20250109235207.log
-rw-r--r-- 1 ted ted 1621 Jan  9 23:53 Traces_09012025.log
2025-01-09 23:53:35		++++++++++++MAIN++++++++++++
2025-01-09 23:53:35		Getting Final URL
2025-01-09 23:53:35		Test Agument Present ? (if arg 1 == TEST, we will test). Arg 1 = []
2025-01-09 23:53:35		URL FINAL : https://api.aladhan.com/v1/timings/09-01-2025?latitude=48.7824971&longitude=2.343032&method=12
2025-01-09 23:53:36		Fajr Time For Fajr : 07:26
2025-01-09 23:53:36		DIFF between Fajr and now is : -59256
2025-01-09 23:53:37		Dhuhr Time For Dhuhr : 12:58
2025-01-09 23:53:37		DIFF between Dhuhr and now is : -39337
2025-01-09 23:53:37		Asr Time For Asr : 14:54
2025-01-09 23:53:37		DIFF between Asr and now is : -32377
2025-01-09 23:53:38		Maghrib Time For Maghrib : 17:14
2025-01-09 23:53:38		DIFF between Maghrib and now is : -23978
2025-01-09 23:53:39		Isha Time For Isha : 18:30
2025-01-09 23:53:39		DIFF between Isha and now is : -19419
2025-01-09 23:53:39		Tracing result
2025-01-09 23:53:39		Writing in Git all ADHAN files. including logs...
