2025-01-10 11:35:48		-------------------------------------------------------------
2025-01-10 11:35:48		++++++++++++PROC CLEAN++++++++++++
2025-01-10 11:35:48		Clean Current Adhan processes
2025-01-10 11:35:48		Number of processes to kill : 0
2025-01-10 11:35:48		++++++++++++FILE CLEAN++++++++++++
total 16
-rw-r--r-- 1 ted ted   61 Jan  9 23:52 psvlc_20250109235207.log
-rw-r--r-- 1 ted ted   61 Jan  9 23:53 psvlc_20250109235339.log
-rw-r--r-- 1 ted ted 2709 Jan  9 23:53 Traces_09012025.log
-rw-r--r-- 1 ted ted  299 Jan 10 11:35 Traces_10012025.log
2025-01-10 11:35:48		++++++++++++MAIN++++++++++++
2025-01-10 11:35:48		Getting Final URL
2025-01-10 11:35:48		Test Agument Present ? (if arg 1 == TEST, we will test). Arg 1 = []
2025-01-10 11:35:48		URL FINAL : https://api.aladhan.com/v1/timings/10-01-2025?latitude=48.7824971&longitude=2.343032&method=12
2025-01-10 11:35:49		Fajr Time For Fajr : 07:26
2025-01-10 11:35:49		DIFF between Fajr and now is : -14989
2025-01-10 11:35:50		Dhuhr Time For Dhuhr : 12:58
2025-01-10 11:35:50		DIFF between Dhuhr and now is : 4930
2025-01-10 11:35:50		DIFF is positive
2025-01-10 11:35:50		Setting up Adhan Time... for Dhuhr
2025-01-10 11:35:51		Asr Time For Asr : 14:55
2025-01-10 11:35:51		DIFF between Asr and now is : 11949
2025-01-10 11:35:51		DIFF is positive
2025-01-10 11:35:51		Setting up Adhan Time... for Asr
2025-01-10 11:35:51		Maghrib Time For Maghrib : 17:16
2025-01-10 11:35:51		DIFF between Maghrib and now is : 20409
2025-01-10 11:35:52		DIFF is positive
2025-01-10 11:35:52		Setting up Adhan Time... for Maghrib
2025-01-10 11:35:52		Isha Time For Isha : 18:31
2025-01-10 11:35:52		DIFF between Isha and now is : 24908
2025-01-10 11:35:52		DIFF is positive
2025-01-10 11:35:52		Tracing result
2025-01-10 11:35:52		Setting up Adhan Time... for Isha
2025-01-10 11:35:52		Writing in Git all ADHAN files. including logs...
