2024-12-18 02:05:23		-------------------------------------------------------------
2024-12-18 02:05:23		++++++++++++PROC CLEAN++++++++++++
2024-12-18 02:05:23		Clean Current Adhan processes
2024-12-18 02:05:23		Number of processes to kill : 0
2024-12-18 02:05:23		++++++++++++FILE CLEAN++++++++++++
total 16
-rw-r--r-- 1 ted ted   61 Dec 17 20:02 psvlc_20241217200242.log
-rw-r--r-- 1 ted ted   61 Dec 17 20:03 psvlc_20241217200355.log
-rw-r--r-- 1 ted ted 2707 Dec 17 20:03 Traces_17122024.log
-rw-r--r-- 1 ted ted  299 Dec 18 02:05 Traces_18122024.log
2024-12-18 02:05:23		++++++++++++MAIN++++++++++++
2024-12-18 02:05:23		Getting Final URL
2024-12-18 02:05:23		Test Agument Present ? (if arg 1 == TEST, we will test). Arg 1 = []
2024-12-18 02:05:23		URL FINAL : https://api.aladhan.com/v1/timings/18-12-2024?latitude=48.7824971&longitude=2.343032&method=12
2024-12-18 02:05:24		Fajr Time For Fajr : 07:22
2024-12-18 02:05:24		DIFF between Fajr and now is : 18996
2024-12-18 02:05:24		DIFF is positive
2024-12-18 02:05:24		Setting up Fajr Time...
2024-12-18 02:05:25		Dhuhr Time For Dhuhr : 
2024-12-18 02:05:25		DIFF between Dhuhr and now is : -7525
2024-12-18 02:05:26		Asr Time For Asr : 14:39
2024-12-18 02:05:26		DIFF between Asr and now is : 45214
2024-12-18 02:05:26		DIFF is positive
2024-12-18 02:05:26		Setting up Adhan Time... for Asr
2024-12-18 02:05:27		Maghrib Time For Maghrib : 16:55
2024-12-18 02:05:27		DIFF between Maghrib and now is : 53373
2024-12-18 02:05:27		DIFF is positive
2024-12-18 02:05:27		Setting up Adhan Time... for Maghrib
2024-12-18 02:05:28		Isha Time For Isha : 18:13
2024-12-18 02:05:28		DIFF between Isha and now is : 58052
2024-12-18 02:05:28		DIFF is positive
2024-12-18 02:05:28		Tracing result
2024-12-18 02:05:28		Setting up Adhan Time... for Isha
2024-12-18 02:05:28		Writing in Git all ADHAN files. including logs...
