-------------------------------------------------------------
++++++++++++PROC CLEAN++++++++++++
Clean Current Adhan processes
Number of processes to kill : 0
++++++++++++FILE CLEAN++++++++++++
total 4
-rw-r--r-- 1 ted ted   0 Dec 16 23:13 dump.log
-rw-r--r-- 1 ted ted 194 Dec 16 23:13 Traces_16122024.log
++++++++++++MAIN++++++++++++
Getting Final URL
URL : https://api.aladhan.com/v1/timings/16-12-2024?latitude=48.7824971&longitude=2.343032&method=12
Fajr Time For Fajr : 07:21
DIFF between Fajr and now is : -57174
Dhuhr Time For Dhuhr : 12:46
DIFF between Dhuhr and now is : -37674
Asr Time For Asr : 14:38
DIFF between Asr and now is : -30955
Maghrib Time For Maghrib : 16:55
DIFF between Maghrib and now is : -22737
-------------------------------------------------------------
++++++++++++PROC CLEAN++++++++++++
Clean Current Adhan processes
Number of processes to kill : 0
++++++++++++FILE CLEAN++++++++++++
total 4
-rw-r--r-- 1 ted ted   0 Dec 16 23:13 dump.log
-rw-r--r-- 1 ted ted 918 Dec 16 23:13 Traces_16122024.log
++++++++++++MAIN++++++++++++
Getting Final URL
URL : https://api.aladhan.com/v1/timings/16-12-2024?latitude=48.7824971&longitude=2.343032&method=12
Isha Time For Isha : 18:12
DIFF between Isha and now is : -18118
Fajr Time For Fajr : 07:21
DIFF between Fajr and now is : -57178
Dhuhr Time For Dhuhr : 12:46
DIFF between Dhuhr and now is : -37679
Asr Time For Asr : 14:38
DIFF between Asr and now is : -30960
Maghrib Time For Maghrib : 16:55
DIFF between Maghrib and now is : -22740
Isha Time For Isha : 18:12
DIFF between Isha and now is : -18121
