2025-01-01 00:05:25		-------------------------------------------------------------
2025-01-01 00:05:25		++++++++++++PROC CLEAN++++++++++++
2025-01-01 00:05:25		Clean Current Adhan processes
2025-01-01 00:05:25		Number of processes to kill : 0
2025-01-01 00:05:25		++++++++++++FILE CLEAN++++++++++++
total 232
-rw-r--r-- 1 ted ted    61 Dec 17 20:02 psvlc_20241217200242.log
-rw-r--r-- 1 ted ted    61 Dec 17 20:03 psvlc_20241217200355.log
-rw-r--r-- 1 ted ted  2707 Dec 17 20:03 Traces_17122024.log
-rw-r--r-- 1 ted ted   974 Dec 18 02:05 psvlc_20241218020528.log
-rw-r--r-- 1 ted ted  1865 Dec 18 02:05 Traces_18122024.log
-rw-r--r-- 1 ted ted  1202 Dec 19 02:05 psvlc_20241219020527.log
-rw-r--r-- 1 ted ted  1200 Dec 19 02:06 psvlc_20241219020652.log
-rw-r--r-- 1 ted ted   975 Dec 19 09:43 psvlc_20241219094332.log
-rw-r--r-- 1 ted ted   974 Dec 19 09:44 psvlc_20241219094412.log
-rw-r--r-- 1 ted ted   516 Dec 19 12:55 psvlc_20241219125513.log
-rw-r--r-- 1 ted ted   745 Dec 19 13:26 psvlc_20241219132629.log
-rw-r--r-- 1 ted ted    61 Dec 19 22:53 psvlc_20241219225309.log
-rw-r--r-- 1 ted ted   122 Dec 19 22:55 psvlc_20241219225514.log
-rw-r--r-- 1 ted ted    61 Dec 19 22:57 psvlc_20241219225715.log
-rw-r--r-- 1 ted ted   968 Dec 19 22:57 psvlc_20241219225743.log
-rw-r--r-- 1 ted ted    61 Dec 19 22:59 psvlc_20241219225901.log
-rw-r--r-- 1 ted ted 27580 Dec 19 22:59 Traces_19122024.log
-rw-r--r-- 1 ted ted   746 Dec 20 02:05 psvlc_20241220020527.log
-rw-r--r-- 1 ted ted    61 Dec 20 21:21 psvlc_20241220212116.log
-rw-r--r-- 1 ted ted    61 Dec 20 21:22 psvlc_20241220212256.log
-rw-r--r-- 1 ted ted  7600 Dec 20 21:22 Traces_20122024.log
-rw-r--r-- 1 ted ted  1200 Dec 21 02:05 psvlc_20241221020527.log
-rw-r--r-- 1 ted ted  3124 Dec 21 02:05 Traces_21122024.log
-rw-r--r-- 1 ted ted  1201 Dec 22 02:05 psvlc_20241222020528.log
-rw-r--r-- 1 ted ted  3249 Dec 22 02:05 Traces_22122024.log
-rw-r--r-- 1 ted ted  1202 Dec 23 02:05 psvlc_20241223020527.log
-rw-r--r-- 1 ted ted    61 Dec 23 22:59 psvlc_20241223225917.log
-rw-r--r-- 1 ted ted    61 Dec 23 23:01 psvlc_20241223230108.log
-rw-r--r-- 1 ted ted  9304 Dec 23 23:01 Traces_23122024.log
-rw-r--r-- 1 ted ted   974 Dec 24 02:05 psvlc_20241224020525.log
-rw-r--r-- 1 ted ted  3440 Dec 24 02:05 Traces_24122024.log
-rw-r--r-- 1 ted ted   975 Dec 25 02:05 psvlc_20241225020528.log
-rw-r--r-- 1 ted ted  3565 Dec 25 02:05 Traces_25122024.log
-rw-r--r-- 1 ted ted   975 Dec 26 02:05 psvlc_20241226020527.log
-rw-r--r-- 1 ted ted  3690 Dec 26 02:05 Traces_26122024.log
-rw-r--r-- 1 ted ted   976 Dec 27 02:05 psvlc_20241227020528.log
-rw-r--r-- 1 ted ted  3815 Dec 27 02:05 Traces_27122024.log
-rw-r--r-- 1 ted ted   745 Dec 28 02:05 psvlc_20241228020526.log
-rw-r--r-- 1 ted ted  3940 Dec 28 02:05 Traces_28122024.log
-rw-r--r-- 1 ted ted   975 Dec 29 02:05 psvlc_20241229020527.log
-rw-r--r-- 1 ted ted  4065 Dec 29 02:05 Traces_29122024.log
-rw-r--r-- 1 ted ted   973 Dec 30 02:05 psvlc_20241230020528.log
-rw-r--r-- 1 ted ted  4190 Dec 30 02:05 Traces_30122024.log
-rw-r--r-- 1 ted ted   975 Dec 31 02:05 psvlc_20241231020526.log
-rw-r--r-- 1 ted ted  4315 Dec 31 02:05 Traces_31122024.log
-rw-r--r-- 1 ted ted   299 Jan  1 00:05 Traces_01012025.log
2025-01-01 00:05:25		++++++++++++MAIN++++++++++++
2025-01-01 00:05:25		Getting Final URL
2025-01-01 00:05:25		Test Agument Present ? (if arg 1 == TEST, we will test). Arg 1 = []
2025-01-01 00:05:25		URL FINAL : https://api.aladhan.com/v1/timings/01-01-2025?latitude=48.7824971&longitude=2.343032&method=12
2025-01-01 00:05:26		Dhuhr Time For Dhuhr : 12:54
2025-01-01 00:05:26		DIFF between Dhuhr and now is : 46114
2025-01-01 00:05:26		DIFF is positive
2025-01-01 00:05:26		Setting up Adhan Time... for Dhuhr
2025-01-01 00:05:27		Asr Time For Asr : 14:47
2025-01-01 00:05:27		DIFF between Asr and now is : 52893
2025-01-01 00:05:27		DIFF is positive
2025-01-01 00:05:27		Setting up Adhan Time... for Asr
2025-01-01 00:05:28		Maghrib Time For Maghrib : 17:05
2025-01-01 00:05:28		DIFF between Maghrib and now is : 61172
2025-01-01 00:05:28		DIFF is positive
2025-01-01 00:05:28		Setting up Adhan Time... for Maghrib
2025-01-01 00:05:28		Isha Time For Isha : 18:22
2025-01-01 00:05:28		DIFF between Isha and now is : 65792
2025-01-01 00:05:28		DIFF is positive
2025-01-01 00:05:28		Tracing result
2025-01-01 00:05:28		Setting up Adhan Time... for Isha
2025-01-01 00:05:28		Writing in Git all ADHAN files. including logs...
2025-01-01 00:07:01		-------------------------------------------------------------
2025-01-01 00:07:01		++++++++++++PROC CLEAN++++++++++++
2025-01-01 00:07:01		Clean Current Adhan processes
2025-01-01 00:07:01		Number of processes to kill : 0
2025-01-01 00:07:01		++++++++++++FILE CLEAN++++++++++++
total 240
-rw-r--r-- 1 ted ted    61 Dec 17 20:02 psvlc_20241217200242.log
-rw-r--r-- 1 ted ted    61 Dec 17 20:03 psvlc_20241217200355.log
-rw-r--r-- 1 ted ted  2707 Dec 17 20:03 Traces_17122024.log
-rw-r--r-- 1 ted ted   974 Dec 18 02:05 psvlc_20241218020528.log
-rw-r--r-- 1 ted ted  1865 Dec 18 02:05 Traces_18122024.log
-rw-r--r-- 1 ted ted  1202 Dec 19 02:05 psvlc_20241219020527.log
-rw-r--r-- 1 ted ted  1200 Dec 19 02:06 psvlc_20241219020652.log
-rw-r--r-- 1 ted ted   975 Dec 19 09:43 psvlc_20241219094332.log
-rw-r--r-- 1 ted ted   974 Dec 19 09:44 psvlc_20241219094412.log
-rw-r--r-- 1 ted ted   516 Dec 19 12:55 psvlc_20241219125513.log
-rw-r--r-- 1 ted ted   745 Dec 19 13:26 psvlc_20241219132629.log
-rw-r--r-- 1 ted ted    61 Dec 19 22:53 psvlc_20241219225309.log
-rw-r--r-- 1 ted ted   122 Dec 19 22:55 psvlc_20241219225514.log
-rw-r--r-- 1 ted ted    61 Dec 19 22:57 psvlc_20241219225715.log
-rw-r--r-- 1 ted ted   968 Dec 19 22:57 psvlc_20241219225743.log
-rw-r--r-- 1 ted ted    61 Dec 19 22:59 psvlc_20241219225901.log
-rw-r--r-- 1 ted ted 27580 Dec 19 22:59 Traces_19122024.log
-rw-r--r-- 1 ted ted   746 Dec 20 02:05 psvlc_20241220020527.log
-rw-r--r-- 1 ted ted    61 Dec 20 21:21 psvlc_20241220212116.log
-rw-r--r-- 1 ted ted    61 Dec 20 21:22 psvlc_20241220212256.log
-rw-r--r-- 1 ted ted  7600 Dec 20 21:22 Traces_20122024.log
-rw-r--r-- 1 ted ted  1200 Dec 21 02:05 psvlc_20241221020527.log
-rw-r--r-- 1 ted ted  3124 Dec 21 02:05 Traces_21122024.log
-rw-r--r-- 1 ted ted  1201 Dec 22 02:05 psvlc_20241222020528.log
-rw-r--r-- 1 ted ted  3249 Dec 22 02:05 Traces_22122024.log
-rw-r--r-- 1 ted ted  1202 Dec 23 02:05 psvlc_20241223020527.log
-rw-r--r-- 1 ted ted    61 Dec 23 22:59 psvlc_20241223225917.log
-rw-r--r-- 1 ted ted    61 Dec 23 23:01 psvlc_20241223230108.log
-rw-r--r-- 1 ted ted  9304 Dec 23 23:01 Traces_23122024.log
-rw-r--r-- 1 ted ted   974 Dec 24 02:05 psvlc_20241224020525.log
-rw-r--r-- 1 ted ted  3440 Dec 24 02:05 Traces_24122024.log
-rw-r--r-- 1 ted ted   975 Dec 25 02:05 psvlc_20241225020528.log
-rw-r--r-- 1 ted ted  3565 Dec 25 02:05 Traces_25122024.log
-rw-r--r-- 1 ted ted   975 Dec 26 02:05 psvlc_20241226020527.log
-rw-r--r-- 1 ted ted  3690 Dec 26 02:05 Traces_26122024.log
-rw-r--r-- 1 ted ted   976 Dec 27 02:05 psvlc_20241227020528.log
-rw-r--r-- 1 ted ted  3815 Dec 27 02:05 Traces_27122024.log
-rw-r--r-- 1 ted ted   745 Dec 28 02:05 psvlc_20241228020526.log
-rw-r--r-- 1 ted ted  3940 Dec 28 02:05 Traces_28122024.log
-rw-r--r-- 1 ted ted   975 Dec 29 02:05 psvlc_20241229020527.log
-rw-r--r-- 1 ted ted  4065 Dec 29 02:05 Traces_29122024.log
-rw-r--r-- 1 ted ted   973 Dec 30 02:05 psvlc_20241230020528.log
-rw-r--r-- 1 ted ted  4190 Dec 30 02:05 Traces_30122024.log
-rw-r--r-- 1 ted ted   975 Dec 31 02:05 psvlc_20241231020526.log
-rw-r--r-- 1 ted ted  4315 Dec 31 02:05 Traces_31122024.log
-rw-r--r-- 1 ted ted   974 Jan  1 00:05 psvlc_20250101000528.log
-rw-r--r-- 1 ted ted  4739 Jan  1 00:07 Traces_01012025.log
2025-01-01 00:07:01		++++++++++++MAIN++++++++++++
2025-01-01 00:07:01		Getting Final URL
2025-01-01 00:07:01		Test Agument Present ? (if arg 1 == TEST, we will test). Arg 1 = []
2025-01-01 00:07:01		URL FINAL : https://api.aladhan.com/v1/timings/01-01-2025?latitude=48.7824971&longitude=2.343032&method=12
2025-01-01 00:07:02		Fajr Time For Fajr : 07:27
2025-01-01 00:07:02		DIFF between Fajr and now is : 26398
2025-01-01 00:07:02		DIFF is positive
2025-01-01 00:07:02		Setting up Fajr Time...
2025-01-01 00:07:03		Dhuhr Time For Dhuhr : 12:54
2025-01-01 00:07:03		DIFF between Dhuhr and now is : 46017
2025-01-01 00:07:03		DIFF is positive
2025-01-01 00:07:03		Setting up Adhan Time... for Dhuhr
2025-01-01 00:07:04		Asr Time For Asr : 14:47
2025-01-01 00:07:04		DIFF between Asr and now is : 52796
2025-01-01 00:07:04		DIFF is positive
2025-01-01 00:07:04		Setting up Adhan Time... for Asr
2025-01-01 00:07:05		Maghrib Time For Maghrib : 17:05
2025-01-01 00:07:05		DIFF between Maghrib and now is : 61075
2025-01-01 00:07:05		DIFF is positive
2025-01-01 00:07:05		Setting up Adhan Time... for Maghrib
2025-01-01 00:07:06		Isha Time For Isha : 18:22
2025-01-01 00:07:06		DIFF between Isha and now is : 65694
2025-01-01 00:07:06		DIFF is positive
2025-01-01 00:07:06		Setting up Adhan Time... for Isha
2025-01-01 00:07:06		Tracing result
2025-01-01 00:07:06		Writing in Git all ADHAN files. including logs...
2025-01-01 02:05:21		-------------------------------------------------------------
2025-01-01 02:05:21		++++++++++++PROC CLEAN++++++++++++
2025-01-01 02:05:21		Clean Current Adhan processes
2025-01-01 02:05:21		Number of processes to kill : 0
2025-01-01 02:05:22		++++++++++++FILE CLEAN++++++++++++
total 248
-rw-r--r-- 1 ted ted    61 Dec 17 20:02 psvlc_20241217200242.log
-rw-r--r-- 1 ted ted    61 Dec 17 20:03 psvlc_20241217200355.log
-rw-r--r-- 1 ted ted  2707 Dec 17 20:03 Traces_17122024.log
-rw-r--r-- 1 ted ted   974 Dec 18 02:05 psvlc_20241218020528.log
-rw-r--r-- 1 ted ted  1865 Dec 18 02:05 Traces_18122024.log
-rw-r--r-- 1 ted ted  1202 Dec 19 02:05 psvlc_20241219020527.log
-rw-r--r-- 1 ted ted  1200 Dec 19 02:06 psvlc_20241219020652.log
-rw-r--r-- 1 ted ted   975 Dec 19 09:43 psvlc_20241219094332.log
-rw-r--r-- 1 ted ted   974 Dec 19 09:44 psvlc_20241219094412.log
-rw-r--r-- 1 ted ted   516 Dec 19 12:55 psvlc_20241219125513.log
-rw-r--r-- 1 ted ted   745 Dec 19 13:26 psvlc_20241219132629.log
-rw-r--r-- 1 ted ted    61 Dec 19 22:53 psvlc_20241219225309.log
-rw-r--r-- 1 ted ted   122 Dec 19 22:55 psvlc_20241219225514.log
-rw-r--r-- 1 ted ted    61 Dec 19 22:57 psvlc_20241219225715.log
-rw-r--r-- 1 ted ted   968 Dec 19 22:57 psvlc_20241219225743.log
-rw-r--r-- 1 ted ted    61 Dec 19 22:59 psvlc_20241219225901.log
-rw-r--r-- 1 ted ted 27580 Dec 19 22:59 Traces_19122024.log
-rw-r--r-- 1 ted ted   746 Dec 20 02:05 psvlc_20241220020527.log
-rw-r--r-- 1 ted ted    61 Dec 20 21:21 psvlc_20241220212116.log
-rw-r--r-- 1 ted ted    61 Dec 20 21:22 psvlc_20241220212256.log
-rw-r--r-- 1 ted ted  7600 Dec 20 21:22 Traces_20122024.log
-rw-r--r-- 1 ted ted  1200 Dec 21 02:05 psvlc_20241221020527.log
-rw-r--r-- 1 ted ted  3124 Dec 21 02:05 Traces_21122024.log
-rw-r--r-- 1 ted ted  1201 Dec 22 02:05 psvlc_20241222020528.log
-rw-r--r-- 1 ted ted  3249 Dec 22 02:05 Traces_22122024.log
-rw-r--r-- 1 ted ted  1202 Dec 23 02:05 psvlc_20241223020527.log
-rw-r--r-- 1 ted ted    61 Dec 23 22:59 psvlc_20241223225917.log
-rw-r--r-- 1 ted ted    61 Dec 23 23:01 psvlc_20241223230108.log
-rw-r--r-- 1 ted ted  9304 Dec 23 23:01 Traces_23122024.log
-rw-r--r-- 1 ted ted   974 Dec 24 02:05 psvlc_20241224020525.log
-rw-r--r-- 1 ted ted  3440 Dec 24 02:05 Traces_24122024.log
-rw-r--r-- 1 ted ted   975 Dec 25 02:05 psvlc_20241225020528.log
-rw-r--r-- 1 ted ted  3565 Dec 25 02:05 Traces_25122024.log
-rw-r--r-- 1 ted ted   975 Dec 26 02:05 psvlc_20241226020527.log
-rw-r--r-- 1 ted ted  3690 Dec 26 02:05 Traces_26122024.log
-rw-r--r-- 1 ted ted   976 Dec 27 02:05 psvlc_20241227020528.log
-rw-r--r-- 1 ted ted  3815 Dec 27 02:05 Traces_27122024.log
-rw-r--r-- 1 ted ted   745 Dec 28 02:05 psvlc_20241228020526.log
-rw-r--r-- 1 ted ted  3940 Dec 28 02:05 Traces_28122024.log
-rw-r--r-- 1 ted ted   975 Dec 29 02:05 psvlc_20241229020527.log
-rw-r--r-- 1 ted ted  4065 Dec 29 02:05 Traces_29122024.log
-rw-r--r-- 1 ted ted   973 Dec 30 02:05 psvlc_20241230020528.log
-rw-r--r-- 1 ted ted  4190 Dec 30 02:05 Traces_30122024.log
-rw-r--r-- 1 ted ted   975 Dec 31 02:05 psvlc_20241231020526.log
-rw-r--r-- 1 ted ted  4315 Dec 31 02:05 Traces_31122024.log
-rw-r--r-- 1 ted ted   974 Jan  1 00:05 psvlc_20250101000528.log
-rw-r--r-- 1 ted ted  1201 Jan  1 00:07 psvlc_20250101000706.log
-rw-r--r-- 1 ted ted  9433 Jan  1 02:05 Traces_01012025.log
2025-01-01 02:05:22		++++++++++++MAIN++++++++++++
2025-01-01 02:05:22		Getting Final URL
2025-01-01 02:05:22		Test Agument Present ? (if arg 1 == TEST, we will test). Arg 1 = []
2025-01-01 02:05:22		URL FINAL : https://api.aladhan.com/v1/timings/01-01-2025?latitude=48.7824971&longitude=2.343032&method=12
2025-01-01 02:05:23		Fajr Time For Fajr : 07:27
2025-01-01 02:05:23		DIFF between Fajr and now is : 19297
2025-01-01 02:05:23		DIFF is positive
2025-01-01 02:05:23		Setting up Fajr Time...
2025-01-01 02:05:24		Dhuhr Time For Dhuhr : 12:54
2025-01-01 02:05:24		DIFF between Dhuhr and now is : 38916
2025-01-01 02:05:24		DIFF is positive
2025-01-01 02:05:24		Setting up Adhan Time... for Dhuhr
2025-01-01 02:05:25		Asr Time For Asr : 14:47
2025-01-01 02:05:25		DIFF between Asr and now is : 45695
2025-01-01 02:05:25		DIFF is positive
2025-01-01 02:05:25		Setting up Adhan Time... for Asr
2025-01-01 02:05:26		Maghrib Time For Maghrib : 17:05
2025-01-01 02:05:26		DIFF between Maghrib and now is : 53974
2025-01-01 02:05:26		DIFF is positive
2025-01-01 02:05:26		Setting up Adhan Time... for Maghrib
2025-01-01 02:05:26		Isha Time For Isha : 18:22
2025-01-01 02:05:26		DIFF between Isha and now is : 58594
2025-01-01 02:05:26		DIFF is positive
2025-01-01 02:05:26		Setting up Adhan Time... for Isha
2025-01-01 02:05:26		Tracing result
2025-01-01 02:05:27		Writing in Git all ADHAN files. including logs...
