2025-01-08 02:05:22		-------------------------------------------------------------
2025-01-08 02:05:22		++++++++++++PROC CLEAN++++++++++++
2025-01-08 02:05:22		Clean Current Adhan processes
2025-01-08 02:05:22		Number of processes to kill : 0
2025-01-08 02:05:22		++++++++++++FILE CLEAN++++++++++++
total 392
-rw-r--r-- 1 ted ted    61 Dec 17 20:02 psvlc_20241217200242.log
-rw-r--r-- 1 ted ted    61 Dec 17 20:03 psvlc_20241217200355.log
-rw-r--r-- 1 ted ted  2707 Dec 17 20:03 Traces_17122024.log
-rw-r--r-- 1 ted ted   974 Dec 18 02:05 psvlc_20241218020528.log
-rw-r--r-- 1 ted ted  1865 Dec 18 02:05 Traces_18122024.log
-rw-r--r-- 1 ted ted  1202 Dec 19 02:05 psvlc_20241219020527.log
-rw-r--r-- 1 ted ted  1200 Dec 19 02:06 psvlc_20241219020652.log
-rw-r--r-- 1 ted ted   975 Dec 19 09:43 psvlc_20241219094332.log
-rw-r--r-- 1 ted ted   974 Dec 19 09:44 psvlc_20241219094412.log
-rw-r--r-- 1 ted ted   516 Dec 19 12:55 psvlc_20241219125513.log
-rw-r--r-- 1 ted ted   745 Dec 19 13:26 psvlc_20241219132629.log
-rw-r--r-- 1 ted ted    61 Dec 19 22:53 psvlc_20241219225309.log
-rw-r--r-- 1 ted ted   122 Dec 19 22:55 psvlc_20241219225514.log
-rw-r--r-- 1 ted ted    61 Dec 19 22:57 psvlc_20241219225715.log
-rw-r--r-- 1 ted ted   968 Dec 19 22:57 psvlc_20241219225743.log
-rw-r--r-- 1 ted ted    61 Dec 19 22:59 psvlc_20241219225901.log
-rw-r--r-- 1 ted ted 27580 Dec 19 22:59 Traces_19122024.log
-rw-r--r-- 1 ted ted   746 Dec 20 02:05 psvlc_20241220020527.log
-rw-r--r-- 1 ted ted    61 Dec 20 21:21 psvlc_20241220212116.log
-rw-r--r-- 1 ted ted    61 Dec 20 21:22 psvlc_20241220212256.log
-rw-r--r-- 1 ted ted  7600 Dec 20 21:22 Traces_20122024.log
-rw-r--r-- 1 ted ted  1200 Dec 21 02:05 psvlc_20241221020527.log
-rw-r--r-- 1 ted ted  3124 Dec 21 02:05 Traces_21122024.log
-rw-r--r-- 1 ted ted  1201 Dec 22 02:05 psvlc_20241222020528.log
-rw-r--r-- 1 ted ted  3249 Dec 22 02:05 Traces_22122024.log
-rw-r--r-- 1 ted ted  1202 Dec 23 02:05 psvlc_20241223020527.log
-rw-r--r-- 1 ted ted    61 Dec 23 22:59 psvlc_20241223225917.log
-rw-r--r-- 1 ted ted    61 Dec 23 23:01 psvlc_20241223230108.log
-rw-r--r-- 1 ted ted  9304 Dec 23 23:01 Traces_23122024.log
-rw-r--r-- 1 ted ted   974 Dec 24 02:05 psvlc_20241224020525.log
-rw-r--r-- 1 ted ted  3440 Dec 24 02:05 Traces_24122024.log
-rw-r--r-- 1 ted ted   975 Dec 25 02:05 psvlc_20241225020528.log
-rw-r--r-- 1 ted ted  3565 Dec 25 02:05 Traces_25122024.log
-rw-r--r-- 1 ted ted   975 Dec 26 02:05 psvlc_20241226020527.log
-rw-r--r-- 1 ted ted  3690 Dec 26 02:05 Traces_26122024.log
-rw-r--r-- 1 ted ted   976 Dec 27 02:05 psvlc_20241227020528.log
-rw-r--r-- 1 ted ted  3815 Dec 27 02:05 Traces_27122024.log
-rw-r--r-- 1 ted ted   745 Dec 28 02:05 psvlc_20241228020526.log
-rw-r--r-- 1 ted ted  3940 Dec 28 02:05 Traces_28122024.log
-rw-r--r-- 1 ted ted   975 Dec 29 02:05 psvlc_20241229020527.log
-rw-r--r-- 1 ted ted  4065 Dec 29 02:05 Traces_29122024.log
-rw-r--r-- 1 ted ted   973 Dec 30 02:05 psvlc_20241230020528.log
-rw-r--r-- 1 ted ted  4190 Dec 30 02:05 Traces_30122024.log
-rw-r--r-- 1 ted ted   975 Dec 31 02:05 psvlc_20241231020526.log
-rw-r--r-- 1 ted ted  4315 Dec 31 02:05 Traces_31122024.log
-rw-r--r-- 1 ted ted   974 Jan  1 00:05 psvlc_20250101000528.log
-rw-r--r-- 1 ted ted  1201 Jan  1 00:07 psvlc_20250101000706.log
-rw-r--r-- 1 ted ted  1201 Jan  1 02:05 psvlc_20250101020526.log
-rw-r--r-- 1 ted ted    61 Jan  1 21:43 psvlc_20250101214350.log
-rw-r--r-- 1 ted ted 18264 Jan  1 21:43 Traces_01012025.log
-rw-r--r-- 1 ted ted   288 Jan  2 17:10 psvlc_20250102171011.log
-rw-r--r-- 1 ted ted    61 Jan  2 20:19 psvlc_20250102201952.log
-rw-r--r-- 1 ted ted    61 Jan  2 21:26 psvlc_20250102212621.log
-rw-r--r-- 1 ted ted    61 Jan  2 21:58 psvlc_20250102215829.log
-rw-r--r-- 1 ted ted 18461 Jan  2 21:58 Traces_02012025.log
-rw-r--r-- 1 ted ted  1202 Jan  3 00:07 psvlc_20250103000755.log
-rw-r--r-- 1 ted ted  1194 Jan  3 00:09 psvlc_20250103000927.log
-rw-r--r-- 1 ted ted   974 Jan  3 00:14 psvlc_20250103001420.log
-rw-r--r-- 1 ted ted   974 Jan  3 02:05 psvlc_20250103020527.log
-rw-r--r-- 1 ted ted 21095 Jan  3 02:05 Traces_03012025.log
-rw-r--r-- 1 ted ted   973 Jan  4 02:05 psvlc_20250104020528.log
-rw-r--r-- 1 ted ted  5400 Jan  4 02:05 Traces_04012025.log
-rw-r--r-- 1 ted ted   973 Jan  5 02:06 psvlc_20250105020659.log
-rw-r--r-- 1 ted ted  5525 Jan  5 02:06 Traces_05012025.log
-rw-r--r-- 1 ted ted   974 Jan  6 02:05 psvlc_20250106020527.log
-rw-r--r-- 1 ted ted  5650 Jan  6 02:05 Traces_06012025.log
-rw-r--r-- 1 ted ted   974 Jan  7 02:05 psvlc_20250107020527.log
-rw-r--r-- 1 ted ted  5775 Jan  7 02:05 Traces_07012025.log
-rw-r--r-- 1 ted ted   299 Jan  8 02:05 Traces_08012025.log
2025-01-08 02:05:22		++++++++++++MAIN++++++++++++
2025-01-08 02:05:22		Getting Final URL
2025-01-08 02:05:22		Test Agument Present ? (if arg 1 == TEST, we will test). Arg 1 = []
2025-01-08 02:05:22		URL FINAL : https://api.aladhan.com/v1/timings/08-01-2025?latitude=48.7824971&longitude=2.343032&method=12
2025-01-08 02:05:24		Dhuhr Time For Dhuhr : 12:57
2025-01-08 02:05:24		DIFF between Dhuhr and now is : 39096
2025-01-08 02:05:24		DIFF is positive
2025-01-08 02:05:24		Setting up Adhan Time... for Dhuhr
2025-01-08 02:05:24		Asr Time For Asr : 14:53
2025-01-08 02:05:25		DIFF between Asr and now is : 46055
2025-01-08 02:05:25		DIFF is positive
2025-01-08 02:05:25		Setting up Adhan Time... for Asr
2025-01-08 02:05:25		Maghrib Time For Maghrib : 17:13
2025-01-08 02:05:25		DIFF between Maghrib and now is : 54455
2025-01-08 02:05:25		DIFF is positive
2025-01-08 02:05:25		Setting up Adhan Time... for Maghrib
2025-01-08 02:05:26		Isha Time For Isha : 18:29
2025-01-08 02:05:26		DIFF between Isha and now is : 59014
2025-01-08 02:05:26		DIFF is positive
2025-01-08 02:05:26		Tracing result
2025-01-08 02:05:26		Setting up Adhan Time... for Isha
2025-01-08 02:05:26		Writing in Git all ADHAN files. including logs...
2025-01-08 18:38:09		-------------------------------------------------------------
2025-01-08 18:38:09		++++++++++++PROC CLEAN++++++++++++
2025-01-08 18:38:09		Clean Current Adhan processes
2025-01-08 18:38:09		Number of processes to kill : 0
2025-01-08 18:38:10		++++++++++++FILE CLEAN++++++++++++
total 400
-rw-r--r-- 1 ted ted    61 Dec 17 20:02 psvlc_20241217200242.log
-rw-r--r-- 1 ted ted    61 Dec 17 20:03 psvlc_20241217200355.log
-rw-r--r-- 1 ted ted  2707 Dec 17 20:03 Traces_17122024.log
-rw-r--r-- 1 ted ted   974 Dec 18 02:05 psvlc_20241218020528.log
-rw-r--r-- 1 ted ted  1865 Dec 18 02:05 Traces_18122024.log
-rw-r--r-- 1 ted ted  1202 Dec 19 02:05 psvlc_20241219020527.log
-rw-r--r-- 1 ted ted  1200 Dec 19 02:06 psvlc_20241219020652.log
-rw-r--r-- 1 ted ted   975 Dec 19 09:43 psvlc_20241219094332.log
-rw-r--r-- 1 ted ted   974 Dec 19 09:44 psvlc_20241219094412.log
-rw-r--r-- 1 ted ted   516 Dec 19 12:55 psvlc_20241219125513.log
-rw-r--r-- 1 ted ted   745 Dec 19 13:26 psvlc_20241219132629.log
-rw-r--r-- 1 ted ted    61 Dec 19 22:53 psvlc_20241219225309.log
-rw-r--r-- 1 ted ted   122 Dec 19 22:55 psvlc_20241219225514.log
-rw-r--r-- 1 ted ted    61 Dec 19 22:57 psvlc_20241219225715.log
-rw-r--r-- 1 ted ted   968 Dec 19 22:57 psvlc_20241219225743.log
-rw-r--r-- 1 ted ted    61 Dec 19 22:59 psvlc_20241219225901.log
-rw-r--r-- 1 ted ted 27580 Dec 19 22:59 Traces_19122024.log
-rw-r--r-- 1 ted ted   746 Dec 20 02:05 psvlc_20241220020527.log
-rw-r--r-- 1 ted ted    61 Dec 20 21:21 psvlc_20241220212116.log
-rw-r--r-- 1 ted ted    61 Dec 20 21:22 psvlc_20241220212256.log
-rw-r--r-- 1 ted ted  7600 Dec 20 21:22 Traces_20122024.log
-rw-r--r-- 1 ted ted  1200 Dec 21 02:05 psvlc_20241221020527.log
-rw-r--r-- 1 ted ted  3124 Dec 21 02:05 Traces_21122024.log
-rw-r--r-- 1 ted ted  1201 Dec 22 02:05 psvlc_20241222020528.log
-rw-r--r-- 1 ted ted  3249 Dec 22 02:05 Traces_22122024.log
-rw-r--r-- 1 ted ted  1202 Dec 23 02:05 psvlc_20241223020527.log
-rw-r--r-- 1 ted ted    61 Dec 23 22:59 psvlc_20241223225917.log
-rw-r--r-- 1 ted ted    61 Dec 23 23:01 psvlc_20241223230108.log
-rw-r--r-- 1 ted ted  9304 Dec 23 23:01 Traces_23122024.log
-rw-r--r-- 1 ted ted   974 Dec 24 02:05 psvlc_20241224020525.log
-rw-r--r-- 1 ted ted  3440 Dec 24 02:05 Traces_24122024.log
-rw-r--r-- 1 ted ted   975 Dec 25 02:05 psvlc_20241225020528.log
-rw-r--r-- 1 ted ted  3565 Dec 25 02:05 Traces_25122024.log
-rw-r--r-- 1 ted ted   975 Dec 26 02:05 psvlc_20241226020527.log
-rw-r--r-- 1 ted ted  3690 Dec 26 02:05 Traces_26122024.log
-rw-r--r-- 1 ted ted   976 Dec 27 02:05 psvlc_20241227020528.log
-rw-r--r-- 1 ted ted  3815 Dec 27 02:05 Traces_27122024.log
-rw-r--r-- 1 ted ted   745 Dec 28 02:05 psvlc_20241228020526.log
-rw-r--r-- 1 ted ted  3940 Dec 28 02:05 Traces_28122024.log
-rw-r--r-- 1 ted ted   975 Dec 29 02:05 psvlc_20241229020527.log
-rw-r--r-- 1 ted ted  4065 Dec 29 02:05 Traces_29122024.log
-rw-r--r-- 1 ted ted   973 Dec 30 02:05 psvlc_20241230020528.log
-rw-r--r-- 1 ted ted  4190 Dec 30 02:05 Traces_30122024.log
-rw-r--r-- 1 ted ted   975 Dec 31 02:05 psvlc_20241231020526.log
-rw-r--r-- 1 ted ted  4315 Dec 31 02:05 Traces_31122024.log
-rw-r--r-- 1 ted ted   974 Jan  1 00:05 psvlc_20250101000528.log
-rw-r--r-- 1 ted ted  1201 Jan  1 00:07 psvlc_20250101000706.log
-rw-r--r-- 1 ted ted  1201 Jan  1 02:05 psvlc_20250101020526.log
-rw-r--r-- 1 ted ted    61 Jan  1 21:43 psvlc_20250101214350.log
-rw-r--r-- 1 ted ted 18264 Jan  1 21:43 Traces_01012025.log
-rw-r--r-- 1 ted ted   288 Jan  2 17:10 psvlc_20250102171011.log
-rw-r--r-- 1 ted ted    61 Jan  2 20:19 psvlc_20250102201952.log
-rw-r--r-- 1 ted ted    61 Jan  2 21:26 psvlc_20250102212621.log
-rw-r--r-- 1 ted ted    61 Jan  2 21:58 psvlc_20250102215829.log
-rw-r--r-- 1 ted ted 18461 Jan  2 21:58 Traces_02012025.log
-rw-r--r-- 1 ted ted  1202 Jan  3 00:07 psvlc_20250103000755.log
-rw-r--r-- 1 ted ted  1194 Jan  3 00:09 psvlc_20250103000927.log
-rw-r--r-- 1 ted ted   974 Jan  3 00:14 psvlc_20250103001420.log
-rw-r--r-- 1 ted ted   974 Jan  3 02:05 psvlc_20250103020527.log
-rw-r--r-- 1 ted ted 21095 Jan  3 02:05 Traces_03012025.log
-rw-r--r-- 1 ted ted   973 Jan  4 02:05 psvlc_20250104020528.log
-rw-r--r-- 1 ted ted  5400 Jan  4 02:05 Traces_04012025.log
-rw-r--r-- 1 ted ted   973 Jan  5 02:06 psvlc_20250105020659.log
-rw-r--r-- 1 ted ted  5525 Jan  5 02:06 Traces_05012025.log
-rw-r--r-- 1 ted ted   974 Jan  6 02:05 psvlc_20250106020527.log
-rw-r--r-- 1 ted ted  5650 Jan  6 02:05 Traces_06012025.log
-rw-r--r-- 1 ted ted   974 Jan  7 02:05 psvlc_20250107020527.log
-rw-r--r-- 1 ted ted  5775 Jan  7 02:05 Traces_07012025.log
-rw-r--r-- 1 ted ted   975 Jan  8 02:05 psvlc_20250108020526.log
-rw-r--r-- 1 ted ted  6199 Jan  8 18:38 Traces_08012025.log
2025-01-08 18:38:10		++++++++++++MAIN++++++++++++
2025-01-08 18:38:10		Getting Final URL
2025-01-08 18:38:10		Test Agument Present ? (if arg 1 == TEST, we will test). Arg 1 = []
2025-01-08 18:38:10		URL FINAL : https://api.aladhan.com/v1/timings/08-01-2025?latitude=48.7824971&longitude=2.343032&method=12
2025-01-08 18:38:11		Dhuhr Time For Dhuhr : 12:57
2025-01-08 18:38:11		DIFF between Dhuhr and now is : -20471
2025-01-08 18:38:11		Asr Time For Asr : 14:54
2025-01-08 18:38:11		DIFF between Asr and now is : -13451
2025-01-08 18:38:12		Maghrib Time For Maghrib : 17:13
2025-01-08 18:38:12		DIFF between Maghrib and now is : -5112
2025-01-08 18:38:13		Isha Time For Isha : 18:29
2025-01-08 18:38:13		DIFF between Isha and now is : -553
2025-01-08 18:38:13		Tracing result
2025-01-08 18:38:13		Writing in Git all ADHAN files. including logs...
2025-01-08 18:41:14		-------------------------------------------------------------
2025-01-08 18:41:14		++++++++++++PROC CLEAN++++++++++++
2025-01-08 18:41:14		Clean Current Adhan processes
2025-01-08 18:41:14		Number of processes to kill : 0
2025-01-08 18:41:14		++++++++++++FILE CLEAN++++++++++++
total 408
-rw-r--r-- 1 ted ted    61 Dec 17 20:02 psvlc_20241217200242.log
-rw-r--r-- 1 ted ted    61 Dec 17 20:03 psvlc_20241217200355.log
-rw-r--r-- 1 ted ted  2707 Dec 17 20:03 Traces_17122024.log
-rw-r--r-- 1 ted ted   974 Dec 18 02:05 psvlc_20241218020528.log
-rw-r--r-- 1 ted ted  1865 Dec 18 02:05 Traces_18122024.log
-rw-r--r-- 1 ted ted  1202 Dec 19 02:05 psvlc_20241219020527.log
-rw-r--r-- 1 ted ted  1200 Dec 19 02:06 psvlc_20241219020652.log
-rw-r--r-- 1 ted ted   975 Dec 19 09:43 psvlc_20241219094332.log
-rw-r--r-- 1 ted ted   974 Dec 19 09:44 psvlc_20241219094412.log
-rw-r--r-- 1 ted ted   516 Dec 19 12:55 psvlc_20241219125513.log
-rw-r--r-- 1 ted ted   745 Dec 19 13:26 psvlc_20241219132629.log
-rw-r--r-- 1 ted ted    61 Dec 19 22:53 psvlc_20241219225309.log
-rw-r--r-- 1 ted ted   122 Dec 19 22:55 psvlc_20241219225514.log
-rw-r--r-- 1 ted ted    61 Dec 19 22:57 psvlc_20241219225715.log
-rw-r--r-- 1 ted ted   968 Dec 19 22:57 psvlc_20241219225743.log
-rw-r--r-- 1 ted ted    61 Dec 19 22:59 psvlc_20241219225901.log
-rw-r--r-- 1 ted ted 27580 Dec 19 22:59 Traces_19122024.log
-rw-r--r-- 1 ted ted   746 Dec 20 02:05 psvlc_20241220020527.log
-rw-r--r-- 1 ted ted    61 Dec 20 21:21 psvlc_20241220212116.log
-rw-r--r-- 1 ted ted    61 Dec 20 21:22 psvlc_20241220212256.log
-rw-r--r-- 1 ted ted  7600 Dec 20 21:22 Traces_20122024.log
-rw-r--r-- 1 ted ted  1200 Dec 21 02:05 psvlc_20241221020527.log
-rw-r--r-- 1 ted ted  3124 Dec 21 02:05 Traces_21122024.log
-rw-r--r-- 1 ted ted  1201 Dec 22 02:05 psvlc_20241222020528.log
-rw-r--r-- 1 ted ted  3249 Dec 22 02:05 Traces_22122024.log
-rw-r--r-- 1 ted ted  1202 Dec 23 02:05 psvlc_20241223020527.log
-rw-r--r-- 1 ted ted    61 Dec 23 22:59 psvlc_20241223225917.log
-rw-r--r-- 1 ted ted    61 Dec 23 23:01 psvlc_20241223230108.log
-rw-r--r-- 1 ted ted  9304 Dec 23 23:01 Traces_23122024.log
-rw-r--r-- 1 ted ted   974 Dec 24 02:05 psvlc_20241224020525.log
-rw-r--r-- 1 ted ted  3440 Dec 24 02:05 Traces_24122024.log
-rw-r--r-- 1 ted ted   975 Dec 25 02:05 psvlc_20241225020528.log
-rw-r--r-- 1 ted ted  3565 Dec 25 02:05 Traces_25122024.log
-rw-r--r-- 1 ted ted   975 Dec 26 02:05 psvlc_20241226020527.log
-rw-r--r-- 1 ted ted  3690 Dec 26 02:05 Traces_26122024.log
-rw-r--r-- 1 ted ted   976 Dec 27 02:05 psvlc_20241227020528.log
-rw-r--r-- 1 ted ted  3815 Dec 27 02:05 Traces_27122024.log
-rw-r--r-- 1 ted ted   745 Dec 28 02:05 psvlc_20241228020526.log
-rw-r--r-- 1 ted ted  3940 Dec 28 02:05 Traces_28122024.log
-rw-r--r-- 1 ted ted   975 Dec 29 02:05 psvlc_20241229020527.log
-rw-r--r-- 1 ted ted  4065 Dec 29 02:05 Traces_29122024.log
-rw-r--r-- 1 ted ted   973 Dec 30 02:05 psvlc_20241230020528.log
-rw-r--r-- 1 ted ted  4190 Dec 30 02:05 Traces_30122024.log
-rw-r--r-- 1 ted ted   975 Dec 31 02:05 psvlc_20241231020526.log
-rw-r--r-- 1 ted ted  4315 Dec 31 02:05 Traces_31122024.log
-rw-r--r-- 1 ted ted   974 Jan  1 00:05 psvlc_20250101000528.log
-rw-r--r-- 1 ted ted  1201 Jan  1 00:07 psvlc_20250101000706.log
-rw-r--r-- 1 ted ted  1201 Jan  1 02:05 psvlc_20250101020526.log
-rw-r--r-- 1 ted ted    61 Jan  1 21:43 psvlc_20250101214350.log
-rw-r--r-- 1 ted ted 18264 Jan  1 21:43 Traces_01012025.log
-rw-r--r-- 1 ted ted   288 Jan  2 17:10 psvlc_20250102171011.log
-rw-r--r-- 1 ted ted    61 Jan  2 20:19 psvlc_20250102201952.log
-rw-r--r-- 1 ted ted    61 Jan  2 21:26 psvlc_20250102212621.log
-rw-r--r-- 1 ted ted    61 Jan  2 21:58 psvlc_20250102215829.log
-rw-r--r-- 1 ted ted 18461 Jan  2 21:58 Traces_02012025.log
-rw-r--r-- 1 ted ted  1202 Jan  3 00:07 psvlc_20250103000755.log
-rw-r--r-- 1 ted ted  1194 Jan  3 00:09 psvlc_20250103000927.log
-rw-r--r-- 1 ted ted   974 Jan  3 00:14 psvlc_20250103001420.log
-rw-r--r-- 1 ted ted   974 Jan  3 02:05 psvlc_20250103020527.log
-rw-r--r-- 1 ted ted 21095 Jan  3 02:05 Traces_03012025.log
-rw-r--r-- 1 ted ted   973 Jan  4 02:05 psvlc_20250104020528.log
-rw-r--r-- 1 ted ted  5400 Jan  4 02:05 Traces_04012025.log
-rw-r--r-- 1 ted ted   973 Jan  5 02:06 psvlc_20250105020659.log
-rw-r--r-- 1 ted ted  5525 Jan  5 02:06 Traces_05012025.log
-rw-r--r-- 1 ted ted   974 Jan  6 02:05 psvlc_20250106020527.log
-rw-r--r-- 1 ted ted  5650 Jan  6 02:05 Traces_06012025.log
-rw-r--r-- 1 ted ted   974 Jan  7 02:05 psvlc_20250107020527.log
-rw-r--r-- 1 ted ted  5775 Jan  7 02:05 Traces_07012025.log
-rw-r--r-- 1 ted ted   975 Jan  8 02:05 psvlc_20250108020526.log
-rw-r--r-- 1 ted ted    61 Jan  8 18:38 psvlc_20250108183813.log
-rw-r--r-- 1 ted ted 11790 Jan  8 18:41 Traces_08012025.log
2025-01-08 18:41:14		++++++++++++MAIN++++++++++++
2025-01-08 18:41:14		Getting Final URL
2025-01-08 18:41:14		Test Agument Present ? (if arg 1 == TEST, we will test). Arg 1 = []
2025-01-08 18:41:14		URL FINAL : https://api.aladhan.com/v1/timings/08-01-2025?latitude=48.7824971&longitude=2.343032&method=12
2025-01-08 18:41:16		Dhuhr Time For Dhuhr : 12:57
2025-01-08 18:41:16		DIFF between Dhuhr and now is : -20656
2025-01-08 18:41:16		-------------------------------------------------------------
2025-01-08 18:41:16		++++++++++++PROC CLEAN++++++++++++
2025-01-08 18:41:16		Clean Current Adhan processes
2025-01-08 18:41:16		Number of processes to kill : 0
2025-01-08 18:41:16		++++++++++++FILE CLEAN++++++++++++
total 416
-rw-r--r-- 1 ted ted    61 Dec 17 20:02 psvlc_20241217200242.log
-rw-r--r-- 1 ted ted    61 Dec 17 20:03 psvlc_20241217200355.log
-rw-r--r-- 1 ted ted  2707 Dec 17 20:03 Traces_17122024.log
-rw-r--r-- 1 ted ted   974 Dec 18 02:05 psvlc_20241218020528.log
-rw-r--r-- 1 ted ted  1865 Dec 18 02:05 Traces_18122024.log
-rw-r--r-- 1 ted ted  1202 Dec 19 02:05 psvlc_20241219020527.log
-rw-r--r-- 1 ted ted  1200 Dec 19 02:06 psvlc_20241219020652.log
-rw-r--r-- 1 ted ted   975 Dec 19 09:43 psvlc_20241219094332.log
-rw-r--r-- 1 ted ted   974 Dec 19 09:44 psvlc_20241219094412.log
-rw-r--r-- 1 ted ted   516 Dec 19 12:55 psvlc_20241219125513.log
-rw-r--r-- 1 ted ted   745 Dec 19 13:26 psvlc_20241219132629.log
-rw-r--r-- 1 ted ted    61 Dec 19 22:53 psvlc_20241219225309.log
-rw-r--r-- 1 ted ted   122 Dec 19 22:55 psvlc_20241219225514.log
-rw-r--r-- 1 ted ted    61 Dec 19 22:57 psvlc_20241219225715.log
-rw-r--r-- 1 ted ted   968 Dec 19 22:57 psvlc_20241219225743.log
-rw-r--r-- 1 ted ted    61 Dec 19 22:59 psvlc_20241219225901.log
-rw-r--r-- 1 ted ted 27580 Dec 19 22:59 Traces_19122024.log
-rw-r--r-- 1 ted ted   746 Dec 20 02:05 psvlc_20241220020527.log
-rw-r--r-- 1 ted ted    61 Dec 20 21:21 psvlc_20241220212116.log
-rw-r--r-- 1 ted ted    61 Dec 20 21:22 psvlc_20241220212256.log
-rw-r--r-- 1 ted ted  7600 Dec 20 21:22 Traces_20122024.log
-rw-r--r-- 1 ted ted  1200 Dec 21 02:05 psvlc_20241221020527.log
-rw-r--r-- 1 ted ted  3124 Dec 21 02:05 Traces_21122024.log
-rw-r--r-- 1 ted ted  1201 Dec 22 02:05 psvlc_20241222020528.log
-rw-r--r-- 1 ted ted  3249 Dec 22 02:05 Traces_22122024.log
-rw-r--r-- 1 ted ted  1202 Dec 23 02:05 psvlc_20241223020527.log
-rw-r--r-- 1 ted ted    61 Dec 23 22:59 psvlc_20241223225917.log
-rw-r--r-- 1 ted ted    61 Dec 23 23:01 psvlc_20241223230108.log
-rw-r--r-- 1 ted ted  9304 Dec 23 23:01 Traces_23122024.log
-rw-r--r-- 1 ted ted   974 Dec 24 02:05 psvlc_20241224020525.log
-rw-r--r-- 1 ted ted  3440 Dec 24 02:05 Traces_24122024.log
-rw-r--r-- 1 ted ted   975 Dec 25 02:05 psvlc_20241225020528.log
-rw-r--r-- 1 ted ted  3565 Dec 25 02:05 Traces_25122024.log
-rw-r--r-- 1 ted ted   975 Dec 26 02:05 psvlc_20241226020527.log
-rw-r--r-- 1 ted ted  3690 Dec 26 02:05 Traces_26122024.log
-rw-r--r-- 1 ted ted   976 Dec 27 02:05 psvlc_20241227020528.log
-rw-r--r-- 1 ted ted  3815 Dec 27 02:05 Traces_27122024.log
-rw-r--r-- 1 ted ted   745 Dec 28 02:05 psvlc_20241228020526.log
-rw-r--r-- 1 ted ted  3940 Dec 28 02:05 Traces_28122024.log
-rw-r--r-- 1 ted ted   975 Dec 29 02:05 psvlc_20241229020527.log
-rw-r--r-- 1 ted ted  4065 Dec 29 02:05 Traces_29122024.log
-rw-r--r-- 1 ted ted   973 Dec 30 02:05 psvlc_20241230020528.log
-rw-r--r-- 1 ted ted  4190 Dec 30 02:05 Traces_30122024.log
-rw-r--r-- 1 ted ted   975 Dec 31 02:05 psvlc_20241231020526.log
-rw-r--r-- 1 ted ted  4315 Dec 31 02:05 Traces_31122024.log
-rw-r--r-- 1 ted ted   974 Jan  1 00:05 psvlc_20250101000528.log
-rw-r--r-- 1 ted ted  1201 Jan  1 00:07 psvlc_20250101000706.log
-rw-r--r-- 1 ted ted  1201 Jan  1 02:05 psvlc_20250101020526.log
-rw-r--r-- 1 ted ted    61 Jan  1 21:43 psvlc_20250101214350.log
-rw-r--r-- 1 ted ted 18264 Jan  1 21:43 Traces_01012025.log
-rw-r--r-- 1 ted ted   288 Jan  2 17:10 psvlc_20250102171011.log
-rw-r--r-- 1 ted ted    61 Jan  2 20:19 psvlc_20250102201952.log
-rw-r--r-- 1 ted ted    61 Jan  2 21:26 psvlc_20250102212621.log
-rw-r--r-- 1 ted ted    61 Jan  2 21:58 psvlc_20250102215829.log
-rw-r--r-- 1 ted ted 18461 Jan  2 21:58 Traces_02012025.log
-rw-r--r-- 1 ted ted  1202 Jan  3 00:07 psvlc_20250103000755.log
-rw-r--r-- 1 ted ted  1194 Jan  3 00:09 psvlc_20250103000927.log
-rw-r--r-- 1 ted ted   974 Jan  3 00:14 psvlc_20250103001420.log
-rw-r--r-- 1 ted ted   974 Jan  3 02:05 psvlc_20250103020527.log
-rw-r--r-- 1 ted ted 21095 Jan  3 02:05 Traces_03012025.log
-rw-r--r-- 1 ted ted   973 Jan  4 02:05 psvlc_20250104020528.log
-rw-r--r-- 1 ted ted  5400 Jan  4 02:05 Traces_04012025.log
-rw-r--r-- 1 ted ted   973 Jan  5 02:06 psvlc_20250105020659.log
-rw-r--r-- 1 ted ted  5525 Jan  5 02:06 Traces_05012025.log
-rw-r--r-- 1 ted ted   974 Jan  6 02:05 psvlc_20250106020527.log
-rw-r--r-- 1 ted ted  5650 Jan  6 02:05 Traces_06012025.log
-rw-r--r-- 1 ted ted   974 Jan  7 02:05 psvlc_20250107020527.log
-rw-r--r-- 1 ted ted  5775 Jan  7 02:05 Traces_07012025.log
-rw-r--r-- 1 ted ted   975 Jan  8 02:05 psvlc_20250108020526.log
-rw-r--r-- 1 ted ted    61 Jan  8 18:38 psvlc_20250108183813.log
-rw-r--r-- 1 ted ted 17015 Jan  8 18:41 Traces_08012025.log
2025-01-08 18:41:16		++++++++++++MAIN++++++++++++
2025-01-08 18:41:16		Getting Final URL
2025-01-08 18:41:17		Asr Time For Asr : 14:54
2025-01-08 18:41:17		Test Agument Present ? (if arg 1 == TEST, we will test). Arg 1 = []
2025-01-08 18:41:17		URL FINAL : https://api.aladhan.com/v1/timings/08-01-2025?latitude=48.7824971&longitude=2.343032&method=12
2025-01-08 18:41:17		DIFF between Asr and now is : -13637
2025-01-08 18:41:17		Dhuhr Time For Dhuhr : 12:57
2025-01-08 18:41:17		DIFF between Dhuhr and now is : -20657
2025-01-08 18:41:17		Maghrib Time For Maghrib : 17:13
2025-01-08 18:41:17		DIFF between Maghrib and now is : -5297
2025-01-08 18:41:18		Asr Time For Asr : 14:54
2025-01-08 18:41:18		DIFF between Asr and now is : -13638
2025-01-08 18:41:18		Isha Time For Isha : 18:29
2025-01-08 18:41:18		DIFF between Isha and now is : -738
2025-01-08 18:41:18		Tracing result
2025-01-08 18:41:18		Writing in Git all ADHAN files. including logs...
2025-01-08 18:41:19		Maghrib Time For Maghrib : 17:13
2025-01-08 18:41:19		DIFF between Maghrib and now is : -5299
2025-01-08 18:41:20		Isha Time For Isha : 18:29
2025-01-08 18:41:20		DIFF between Isha and now is : -740
2025-01-08 18:41:20		Tracing result
2025-01-08 18:41:20		Writing in Git all ADHAN files. including logs...
2025-01-08 19:01:31		-------------------------------------------------------------
2025-01-08 19:01:31		++++++++++++PROC CLEAN++++++++++++
2025-01-08 19:01:31		Clean Current Adhan processes
2025-01-08 19:01:32		Number of processes to kill : 0
2025-01-08 19:01:32		++++++++++++FILE CLEAN++++++++++++
total 428
-rw-r--r-- 1 ted ted    61 Dec 17 20:02 psvlc_20241217200242.log
-rw-r--r-- 1 ted ted    61 Dec 17 20:03 psvlc_20241217200355.log
-rw-r--r-- 1 ted ted  2707 Dec 17 20:03 Traces_17122024.log
-rw-r--r-- 1 ted ted   974 Dec 18 02:05 psvlc_20241218020528.log
-rw-r--r-- 1 ted ted  1865 Dec 18 02:05 Traces_18122024.log
-rw-r--r-- 1 ted ted  1202 Dec 19 02:05 psvlc_20241219020527.log
-rw-r--r-- 1 ted ted  1200 Dec 19 02:06 psvlc_20241219020652.log
-rw-r--r-- 1 ted ted   975 Dec 19 09:43 psvlc_20241219094332.log
-rw-r--r-- 1 ted ted   974 Dec 19 09:44 psvlc_20241219094412.log
-rw-r--r-- 1 ted ted   516 Dec 19 12:55 psvlc_20241219125513.log
-rw-r--r-- 1 ted ted   745 Dec 19 13:26 psvlc_20241219132629.log
-rw-r--r-- 1 ted ted    61 Dec 19 22:53 psvlc_20241219225309.log
-rw-r--r-- 1 ted ted   122 Dec 19 22:55 psvlc_20241219225514.log
-rw-r--r-- 1 ted ted    61 Dec 19 22:57 psvlc_20241219225715.log
-rw-r--r-- 1 ted ted   968 Dec 19 22:57 psvlc_20241219225743.log
-rw-r--r-- 1 ted ted    61 Dec 19 22:59 psvlc_20241219225901.log
-rw-r--r-- 1 ted ted 27580 Dec 19 22:59 Traces_19122024.log
-rw-r--r-- 1 ted ted   746 Dec 20 02:05 psvlc_20241220020527.log
-rw-r--r-- 1 ted ted    61 Dec 20 21:21 psvlc_20241220212116.log
-rw-r--r-- 1 ted ted    61 Dec 20 21:22 psvlc_20241220212256.log
-rw-r--r-- 1 ted ted  7600 Dec 20 21:22 Traces_20122024.log
-rw-r--r-- 1 ted ted  1200 Dec 21 02:05 psvlc_20241221020527.log
-rw-r--r-- 1 ted ted  3124 Dec 21 02:05 Traces_21122024.log
-rw-r--r-- 1 ted ted  1201 Dec 22 02:05 psvlc_20241222020528.log
-rw-r--r-- 1 ted ted  3249 Dec 22 02:05 Traces_22122024.log
-rw-r--r-- 1 ted ted  1202 Dec 23 02:05 psvlc_20241223020527.log
-rw-r--r-- 1 ted ted    61 Dec 23 22:59 psvlc_20241223225917.log
-rw-r--r-- 1 ted ted    61 Dec 23 23:01 psvlc_20241223230108.log
-rw-r--r-- 1 ted ted  9304 Dec 23 23:01 Traces_23122024.log
-rw-r--r-- 1 ted ted   974 Dec 24 02:05 psvlc_20241224020525.log
-rw-r--r-- 1 ted ted  3440 Dec 24 02:05 Traces_24122024.log
-rw-r--r-- 1 ted ted   975 Dec 25 02:05 psvlc_20241225020528.log
-rw-r--r-- 1 ted ted  3565 Dec 25 02:05 Traces_25122024.log
-rw-r--r-- 1 ted ted   975 Dec 26 02:05 psvlc_20241226020527.log
-rw-r--r-- 1 ted ted  3690 Dec 26 02:05 Traces_26122024.log
-rw-r--r-- 1 ted ted   976 Dec 27 02:05 psvlc_20241227020528.log
-rw-r--r-- 1 ted ted  3815 Dec 27 02:05 Traces_27122024.log
-rw-r--r-- 1 ted ted   745 Dec 28 02:05 psvlc_20241228020526.log
-rw-r--r-- 1 ted ted  3940 Dec 28 02:05 Traces_28122024.log
-rw-r--r-- 1 ted ted   975 Dec 29 02:05 psvlc_20241229020527.log
-rw-r--r-- 1 ted ted  4065 Dec 29 02:05 Traces_29122024.log
-rw-r--r-- 1 ted ted   973 Dec 30 02:05 psvlc_20241230020528.log
-rw-r--r-- 1 ted ted  4190 Dec 30 02:05 Traces_30122024.log
-rw-r--r-- 1 ted ted   975 Dec 31 02:05 psvlc_20241231020526.log
-rw-r--r-- 1 ted ted  4315 Dec 31 02:05 Traces_31122024.log
-rw-r--r-- 1 ted ted   974 Jan  1 00:05 psvlc_20250101000528.log
-rw-r--r-- 1 ted ted  1201 Jan  1 00:07 psvlc_20250101000706.log
-rw-r--r-- 1 ted ted  1201 Jan  1 02:05 psvlc_20250101020526.log
-rw-r--r-- 1 ted ted    61 Jan  1 21:43 psvlc_20250101214350.log
-rw-r--r-- 1 ted ted 18264 Jan  1 21:43 Traces_01012025.log
-rw-r--r-- 1 ted ted   288 Jan  2 17:10 psvlc_20250102171011.log
-rw-r--r-- 1 ted ted    61 Jan  2 20:19 psvlc_20250102201952.log
-rw-r--r-- 1 ted ted    61 Jan  2 21:26 psvlc_20250102212621.log
-rw-r--r-- 1 ted ted    61 Jan  2 21:58 psvlc_20250102215829.log
-rw-r--r-- 1 ted ted 18461 Jan  2 21:58 Traces_02012025.log
-rw-r--r-- 1 ted ted  1202 Jan  3 00:07 psvlc_20250103000755.log
-rw-r--r-- 1 ted ted  1194 Jan  3 00:09 psvlc_20250103000927.log
-rw-r--r-- 1 ted ted   974 Jan  3 00:14 psvlc_20250103001420.log
-rw-r--r-- 1 ted ted   974 Jan  3 02:05 psvlc_20250103020527.log
-rw-r--r-- 1 ted ted 21095 Jan  3 02:05 Traces_03012025.log
-rw-r--r-- 1 ted ted   973 Jan  4 02:05 psvlc_20250104020528.log
-rw-r--r-- 1 ted ted  5400 Jan  4 02:05 Traces_04012025.log
-rw-r--r-- 1 ted ted   973 Jan  5 02:06 psvlc_20250105020659.log
-rw-r--r-- 1 ted ted  5525 Jan  5 02:06 Traces_05012025.log
-rw-r--r-- 1 ted ted   974 Jan  6 02:05 psvlc_20250106020527.log
-rw-r--r-- 1 ted ted  5650 Jan  6 02:05 Traces_06012025.log
-rw-r--r-- 1 ted ted   974 Jan  7 02:05 psvlc_20250107020527.log
-rw-r--r-- 1 ted ted  5775 Jan  7 02:05 Traces_07012025.log
-rw-r--r-- 1 ted ted   975 Jan  8 02:05 psvlc_20250108020526.log
-rw-r--r-- 1 ted ted    61 Jan  8 18:38 psvlc_20250108183813.log
-rw-r--r-- 1 ted ted    61 Jan  8 18:41 psvlc_20250108184118.log
-rw-r--r-- 1 ted ted    61 Jan  8 18:41 psvlc_20250108184120.log
-rw-r--r-- 1 ted ted 23102 Jan  8 19:01 Traces_08012025.log
2025-01-08 19:01:32		++++++++++++MAIN++++++++++++
2025-01-08 19:01:32		Getting Final URL
2025-01-08 19:01:32		Test Agument Present ? (if arg 1 == TEST, we will test). Arg 1 = []
2025-01-08 19:01:32		URL FINAL : https://api.aladhan.com/v1/timings/08-01-2025?latitude=48.7824971&longitude=2.343032&method=12
2025-01-08 19:01:33		Dhuhr Time For Dhuhr : 12:57
2025-01-08 19:01:33		DIFF between Dhuhr and now is : -21873
2025-01-08 19:01:34		Asr Time For Asr : 14:54
2025-01-08 19:01:34		DIFF between Asr and now is : -14854
2025-01-08 19:01:35		Maghrib Time For Maghrib : 17:13
2025-01-08 19:01:35		DIFF between Maghrib and now is : -6515
2025-01-08 19:01:36		Isha Time For Isha : 18:29
2025-01-08 19:01:36		DIFF between Isha and now is : -1956
2025-01-08 19:01:36		Tracing result
2025-01-08 19:01:36		Writing in Git all ADHAN files. including logs...
2025-01-08 19:01:40		-------------------------------------------------------------
2025-01-08 19:01:40		++++++++++++PROC CLEAN++++++++++++
2025-01-08 19:01:40		Clean Current Adhan processes
2025-01-08 19:01:40		Number of processes to kill : 0
2025-01-08 19:01:40		++++++++++++FILE CLEAN++++++++++++
total 440
-rw-r--r-- 1 ted ted    61 Dec 17 20:02 psvlc_20241217200242.log
-rw-r--r-- 1 ted ted    61 Dec 17 20:03 psvlc_20241217200355.log
-rw-r--r-- 1 ted ted  2707 Dec 17 20:03 Traces_17122024.log
-rw-r--r-- 1 ted ted   974 Dec 18 02:05 psvlc_20241218020528.log
-rw-r--r-- 1 ted ted  1865 Dec 18 02:05 Traces_18122024.log
-rw-r--r-- 1 ted ted  1202 Dec 19 02:05 psvlc_20241219020527.log
-rw-r--r-- 1 ted ted  1200 Dec 19 02:06 psvlc_20241219020652.log
-rw-r--r-- 1 ted ted   975 Dec 19 09:43 psvlc_20241219094332.log
-rw-r--r-- 1 ted ted   974 Dec 19 09:44 psvlc_20241219094412.log
-rw-r--r-- 1 ted ted   516 Dec 19 12:55 psvlc_20241219125513.log
-rw-r--r-- 1 ted ted   745 Dec 19 13:26 psvlc_20241219132629.log
-rw-r--r-- 1 ted ted    61 Dec 19 22:53 psvlc_20241219225309.log
-rw-r--r-- 1 ted ted   122 Dec 19 22:55 psvlc_20241219225514.log
-rw-r--r-- 1 ted ted    61 Dec 19 22:57 psvlc_20241219225715.log
-rw-r--r-- 1 ted ted   968 Dec 19 22:57 psvlc_20241219225743.log
-rw-r--r-- 1 ted ted    61 Dec 19 22:59 psvlc_20241219225901.log
-rw-r--r-- 1 ted ted 27580 Dec 19 22:59 Traces_19122024.log
-rw-r--r-- 1 ted ted   746 Dec 20 02:05 psvlc_20241220020527.log
-rw-r--r-- 1 ted ted    61 Dec 20 21:21 psvlc_20241220212116.log
-rw-r--r-- 1 ted ted    61 Dec 20 21:22 psvlc_20241220212256.log
-rw-r--r-- 1 ted ted  7600 Dec 20 21:22 Traces_20122024.log
-rw-r--r-- 1 ted ted  1200 Dec 21 02:05 psvlc_20241221020527.log
-rw-r--r-- 1 ted ted  3124 Dec 21 02:05 Traces_21122024.log
-rw-r--r-- 1 ted ted  1201 Dec 22 02:05 psvlc_20241222020528.log
-rw-r--r-- 1 ted ted  3249 Dec 22 02:05 Traces_22122024.log
-rw-r--r-- 1 ted ted  1202 Dec 23 02:05 psvlc_20241223020527.log
-rw-r--r-- 1 ted ted    61 Dec 23 22:59 psvlc_20241223225917.log
-rw-r--r-- 1 ted ted    61 Dec 23 23:01 psvlc_20241223230108.log
-rw-r--r-- 1 ted ted  9304 Dec 23 23:01 Traces_23122024.log
-rw-r--r-- 1 ted ted   974 Dec 24 02:05 psvlc_20241224020525.log
-rw-r--r-- 1 ted ted  3440 Dec 24 02:05 Traces_24122024.log
-rw-r--r-- 1 ted ted   975 Dec 25 02:05 psvlc_20241225020528.log
-rw-r--r-- 1 ted ted  3565 Dec 25 02:05 Traces_25122024.log
-rw-r--r-- 1 ted ted   975 Dec 26 02:05 psvlc_20241226020527.log
-rw-r--r-- 1 ted ted  3690 Dec 26 02:05 Traces_26122024.log
-rw-r--r-- 1 ted ted   976 Dec 27 02:05 psvlc_20241227020528.log
-rw-r--r-- 1 ted ted  3815 Dec 27 02:05 Traces_27122024.log
-rw-r--r-- 1 ted ted   745 Dec 28 02:05 psvlc_20241228020526.log
-rw-r--r-- 1 ted ted  3940 Dec 28 02:05 Traces_28122024.log
-rw-r--r-- 1 ted ted   975 Dec 29 02:05 psvlc_20241229020527.log
-rw-r--r-- 1 ted ted  4065 Dec 29 02:05 Traces_29122024.log
-rw-r--r-- 1 ted ted   973 Dec 30 02:05 psvlc_20241230020528.log
-rw-r--r-- 1 ted ted  4190 Dec 30 02:05 Traces_30122024.log
-rw-r--r-- 1 ted ted   975 Dec 31 02:05 psvlc_20241231020526.log
-rw-r--r-- 1 ted ted  4315 Dec 31 02:05 Traces_31122024.log
-rw-r--r-- 1 ted ted   974 Jan  1 00:05 psvlc_20250101000528.log
-rw-r--r-- 1 ted ted  1201 Jan  1 00:07 psvlc_20250101000706.log
-rw-r--r-- 1 ted ted  1201 Jan  1 02:05 psvlc_20250101020526.log
-rw-r--r-- 1 ted ted    61 Jan  1 21:43 psvlc_20250101214350.log
-rw-r--r-- 1 ted ted 18264 Jan  1 21:43 Traces_01012025.log
-rw-r--r-- 1 ted ted   288 Jan  2 17:10 psvlc_20250102171011.log
-rw-r--r-- 1 ted ted    61 Jan  2 20:19 psvlc_20250102201952.log
-rw-r--r-- 1 ted ted    61 Jan  2 21:26 psvlc_20250102212621.log
-rw-r--r-- 1 ted ted    61 Jan  2 21:58 psvlc_20250102215829.log
-rw-r--r-- 1 ted ted 18461 Jan  2 21:58 Traces_02012025.log
-rw-r--r-- 1 ted ted  1202 Jan  3 00:07 psvlc_20250103000755.log
-rw-r--r-- 1 ted ted  1194 Jan  3 00:09 psvlc_20250103000927.log
-rw-r--r-- 1 ted ted   974 Jan  3 00:14 psvlc_20250103001420.log
-rw-r--r-- 1 ted ted   974 Jan  3 02:05 psvlc_20250103020527.log
-rw-r--r-- 1 ted ted 21095 Jan  3 02:05 Traces_03012025.log
-rw-r--r-- 1 ted ted   973 Jan  4 02:05 psvlc_20250104020528.log
-rw-r--r-- 1 ted ted  5400 Jan  4 02:05 Traces_04012025.log
-rw-r--r-- 1 ted ted   973 Jan  5 02:06 psvlc_20250105020659.log
-rw-r--r-- 1 ted ted  5525 Jan  5 02:06 Traces_05012025.log
-rw-r--r-- 1 ted ted   974 Jan  6 02:05 psvlc_20250106020527.log
-rw-r--r-- 1 ted ted  5650 Jan  6 02:05 Traces_06012025.log
-rw-r--r-- 1 ted ted   974 Jan  7 02:05 psvlc_20250107020527.log
-rw-r--r-- 1 ted ted  5775 Jan  7 02:05 Traces_07012025.log
-rw-r--r-- 1 ted ted   975 Jan  8 02:05 psvlc_20250108020526.log
-rw-r--r-- 1 ted ted    61 Jan  8 18:38 psvlc_20250108183813.log
-rw-r--r-- 1 ted ted    61 Jan  8 18:41 psvlc_20250108184118.log
-rw-r--r-- 1 ted ted    61 Jan  8 18:41 psvlc_20250108184120.log
-rw-r--r-- 1 ted ted    61 Jan  8 19:01 psvlc_20250108190136.log
-rw-r--r-- 1 ted ted 28889 Jan  8 19:01 Traces_08012025.log
2025-01-08 19:01:40		++++++++++++MAIN++++++++++++
2025-01-08 19:01:40		Getting Final URL
2025-01-08 19:01:40		Test Agument Present ? (if arg 1 == TEST, we will test). Arg 1 = []
2025-01-08 19:01:40		URL FINAL : https://api.aladhan.com/v1/timings/08-01-2025?latitude=48.7824971&longitude=2.343032&method=12
2025-01-08 19:01:41		Dhuhr Time For Dhuhr : 12:57
2025-01-08 19:01:41		DIFF between Dhuhr and now is : -21881
2025-01-08 19:01:42		Asr Time For Asr : 14:54
2025-01-08 19:01:42		DIFF between Asr and now is : -14862
2025-01-08 19:01:42		Maghrib Time For Maghrib : 17:13
2025-01-08 19:01:42		DIFF between Maghrib and now is : -6522
2025-01-08 19:01:43		Isha Time For Isha : 18:29
2025-01-08 19:01:43		DIFF between Isha and now is : -1963
2025-01-08 19:01:43		Tracing result
2025-01-08 19:01:43		Writing in Git all ADHAN files. including logs...
2025-01-08 19:31:16		-------------------------------------------------------------
2025-01-08 19:31:16		++++++++++++PROC CLEAN++++++++++++
2025-01-08 19:31:16		Clean Current Adhan processes
2025-01-08 19:31:16		Number of processes to kill : 0
2025-01-08 19:31:16		++++++++++++FILE CLEAN++++++++++++
total 448
-rw-r--r-- 1 ted ted    61 Dec 17 20:02 psvlc_20241217200242.log
-rw-r--r-- 1 ted ted    61 Dec 17 20:03 psvlc_20241217200355.log
-rw-r--r-- 1 ted ted  2707 Dec 17 20:03 Traces_17122024.log
-rw-r--r-- 1 ted ted   974 Dec 18 02:05 psvlc_20241218020528.log
-rw-r--r-- 1 ted ted  1865 Dec 18 02:05 Traces_18122024.log
-rw-r--r-- 1 ted ted  1202 Dec 19 02:05 psvlc_20241219020527.log
-rw-r--r-- 1 ted ted  1200 Dec 19 02:06 psvlc_20241219020652.log
-rw-r--r-- 1 ted ted   975 Dec 19 09:43 psvlc_20241219094332.log
-rw-r--r-- 1 ted ted   974 Dec 19 09:44 psvlc_20241219094412.log
-rw-r--r-- 1 ted ted   516 Dec 19 12:55 psvlc_20241219125513.log
-rw-r--r-- 1 ted ted   745 Dec 19 13:26 psvlc_20241219132629.log
-rw-r--r-- 1 ted ted    61 Dec 19 22:53 psvlc_20241219225309.log
-rw-r--r-- 1 ted ted   122 Dec 19 22:55 psvlc_20241219225514.log
-rw-r--r-- 1 ted ted    61 Dec 19 22:57 psvlc_20241219225715.log
-rw-r--r-- 1 ted ted   968 Dec 19 22:57 psvlc_20241219225743.log
-rw-r--r-- 1 ted ted    61 Dec 19 22:59 psvlc_20241219225901.log
-rw-r--r-- 1 ted ted 27580 Dec 19 22:59 Traces_19122024.log
-rw-r--r-- 1 ted ted   746 Dec 20 02:05 psvlc_20241220020527.log
-rw-r--r-- 1 ted ted    61 Dec 20 21:21 psvlc_20241220212116.log
-rw-r--r-- 1 ted ted    61 Dec 20 21:22 psvlc_20241220212256.log
-rw-r--r-- 1 ted ted  7600 Dec 20 21:22 Traces_20122024.log
-rw-r--r-- 1 ted ted  1200 Dec 21 02:05 psvlc_20241221020527.log
-rw-r--r-- 1 ted ted  3124 Dec 21 02:05 Traces_21122024.log
-rw-r--r-- 1 ted ted  1201 Dec 22 02:05 psvlc_20241222020528.log
-rw-r--r-- 1 ted ted  3249 Dec 22 02:05 Traces_22122024.log
-rw-r--r-- 1 ted ted  1202 Dec 23 02:05 psvlc_20241223020527.log
-rw-r--r-- 1 ted ted    61 Dec 23 22:59 psvlc_20241223225917.log
-rw-r--r-- 1 ted ted    61 Dec 23 23:01 psvlc_20241223230108.log
-rw-r--r-- 1 ted ted  9304 Dec 23 23:01 Traces_23122024.log
-rw-r--r-- 1 ted ted   974 Dec 24 02:05 psvlc_20241224020525.log
-rw-r--r-- 1 ted ted  3440 Dec 24 02:05 Traces_24122024.log
-rw-r--r-- 1 ted ted   975 Dec 25 02:05 psvlc_20241225020528.log
-rw-r--r-- 1 ted ted  3565 Dec 25 02:05 Traces_25122024.log
-rw-r--r-- 1 ted ted   975 Dec 26 02:05 psvlc_20241226020527.log
-rw-r--r-- 1 ted ted  3690 Dec 26 02:05 Traces_26122024.log
-rw-r--r-- 1 ted ted   976 Dec 27 02:05 psvlc_20241227020528.log
-rw-r--r-- 1 ted ted  3815 Dec 27 02:05 Traces_27122024.log
-rw-r--r-- 1 ted ted   745 Dec 28 02:05 psvlc_20241228020526.log
-rw-r--r-- 1 ted ted  3940 Dec 28 02:05 Traces_28122024.log
-rw-r--r-- 1 ted ted   975 Dec 29 02:05 psvlc_20241229020527.log
-rw-r--r-- 1 ted ted  4065 Dec 29 02:05 Traces_29122024.log
-rw-r--r-- 1 ted ted   973 Dec 30 02:05 psvlc_20241230020528.log
-rw-r--r-- 1 ted ted  4190 Dec 30 02:05 Traces_30122024.log
-rw-r--r-- 1 ted ted   975 Dec 31 02:05 psvlc_20241231020526.log
-rw-r--r-- 1 ted ted  4315 Dec 31 02:05 Traces_31122024.log
-rw-r--r-- 1 ted ted   974 Jan  1 00:05 psvlc_20250101000528.log
-rw-r--r-- 1 ted ted  1201 Jan  1 00:07 psvlc_20250101000706.log
-rw-r--r-- 1 ted ted  1201 Jan  1 02:05 psvlc_20250101020526.log
-rw-r--r-- 1 ted ted    61 Jan  1 21:43 psvlc_20250101214350.log
-rw-r--r-- 1 ted ted 18264 Jan  1 21:43 Traces_01012025.log
-rw-r--r-- 1 ted ted   288 Jan  2 17:10 psvlc_20250102171011.log
-rw-r--r-- 1 ted ted    61 Jan  2 20:19 psvlc_20250102201952.log
-rw-r--r-- 1 ted ted    61 Jan  2 21:26 psvlc_20250102212621.log
-rw-r--r-- 1 ted ted    61 Jan  2 21:58 psvlc_20250102215829.log
-rw-r--r-- 1 ted ted 18461 Jan  2 21:58 Traces_02012025.log
-rw-r--r-- 1 ted ted  1202 Jan  3 00:07 psvlc_20250103000755.log
-rw-r--r-- 1 ted ted  1194 Jan  3 00:09 psvlc_20250103000927.log
-rw-r--r-- 1 ted ted   974 Jan  3 00:14 psvlc_20250103001420.log
-rw-r--r-- 1 ted ted   974 Jan  3 02:05 psvlc_20250103020527.log
-rw-r--r-- 1 ted ted 21095 Jan  3 02:05 Traces_03012025.log
-rw-r--r-- 1 ted ted   973 Jan  4 02:05 psvlc_20250104020528.log
-rw-r--r-- 1 ted ted  5400 Jan  4 02:05 Traces_04012025.log
-rw-r--r-- 1 ted ted   973 Jan  5 02:06 psvlc_20250105020659.log
-rw-r--r-- 1 ted ted  5525 Jan  5 02:06 Traces_05012025.log
-rw-r--r-- 1 ted ted   974 Jan  6 02:05 psvlc_20250106020527.log
-rw-r--r-- 1 ted ted  5650 Jan  6 02:05 Traces_06012025.log
-rw-r--r-- 1 ted ted   974 Jan  7 02:05 psvlc_20250107020527.log
-rw-r--r-- 1 ted ted  5775 Jan  7 02:05 Traces_07012025.log
-rw-r--r-- 1 ted ted   975 Jan  8 02:05 psvlc_20250108020526.log
-rw-r--r-- 1 ted ted    61 Jan  8 18:38 psvlc_20250108183813.log
-rw-r--r-- 1 ted ted    61 Jan  8 18:41 psvlc_20250108184118.log
-rw-r--r-- 1 ted ted    61 Jan  8 18:41 psvlc_20250108184120.log
-rw-r--r-- 1 ted ted    61 Jan  8 19:01 psvlc_20250108190136.log
-rw-r--r-- 1 ted ted    61 Jan  8 19:01 psvlc_20250108190143.log
-rw-r--r-- 1 ted ted 34741 Jan  8 19:31 Traces_08012025.log
2025-01-08 19:31:16		++++++++++++MAIN++++++++++++
2025-01-08 19:31:16		Getting Final URL
2025-01-08 19:31:16		Test Agument Present ? (if arg 1 == TEST, we will test). Arg 1 = []
2025-01-08 19:31:16		URL FINAL : https://api.aladhan.com/v1/timings/08-01-2025?latitude=48.7824971&longitude=2.343032&method=12
2025-01-08 19:31:18		Dhuhr Time For Dhuhr : 12:57
2025-01-08 19:31:18		DIFF between Dhuhr and now is : -23658
2025-01-08 19:31:18		Asr Time For Asr : 14:54
2025-01-08 19:31:19		DIFF between Asr and now is : -16639
2025-01-08 19:31:19		Maghrib Time For Maghrib : 17:13
2025-01-08 19:31:19		DIFF between Maghrib and now is : -8299
2025-01-08 19:31:20		Isha Time For Isha : 18:29
2025-01-08 19:31:20		DIFF between Isha and now is : -3740
2025-01-08 19:31:20		Tracing result
2025-01-08 19:31:20		Writing in Git all ADHAN files. including logs...
