2025-01-11 09:32:42		-------------------------------------------------------------
2025-01-11 09:32:42		++++++++++++PROC CLEAN++++++++++++
2025-01-11 09:32:42		Clean Current Adhan processes
2025-01-11 09:32:42		Number of processes to kill : 0
2025-01-11 09:32:42		++++++++++++FILE CLEAN++++++++++++
total 24
-rw-r--r-- 1 ted ted  971 Jan 10 12:09 psvlc.log
-rw-r--r-- 1 ted ted 8963 Jan 10 12:09 Traces_10012025.log
-rw-r--r-- 1 ted ted  195 Jan 11 02:00 trace_reboot.log
-rw-r--r-- 1 ted ted  299 Jan 11 09:32 Traces_11012025.log
2025-01-11 09:32:42		++++++++++++MAIN++++++++++++
2025-01-11 09:32:42		Getting Final URL
2025-01-11 09:32:42		Test Agument Present ? (if arg 1 == TEST, we will test). Arg 1 = []
2025-01-11 09:32:42		URL FINAL : https://api.aladhan.com/v1/timings/11-01-2025?latitude=48.7824971&longitude=2.343032&method=12
2025-01-11 09:32:43		Fajr Time For Fajr : 07:25
2025-01-11 09:32:43		DIFF between Fajr and now is : -7663
2025-01-11 09:32:44		Dhuhr Time For Dhuhr : 12:59
2025-01-11 09:32:44		DIFF between Dhuhr and now is : 12376
2025-01-11 09:32:44		DIFF is positive
2025-01-11 09:32:44		Setting up Adhan Time... for Dhuhr
2025-01-11 09:32:45		Asr Time For Asr : 14:56
2025-01-11 09:32:45		DIFF between Asr and now is : 19395
2025-01-11 09:32:45		DIFF is positive
2025-01-11 09:32:45		Setting up Adhan Time... for Asr
2025-01-11 09:32:45		Maghrib Time For Maghrib : 17:17
2025-01-11 09:32:45		DIFF between Maghrib and now is : 27855
2025-01-11 09:32:45		DIFF is positive
2025-01-11 09:32:45		Setting up Adhan Time... for Maghrib
2025-01-11 09:32:46		Isha Time For Isha : 18:33
2025-01-11 09:32:46		DIFF between Isha and now is : 32414
2025-01-11 09:32:46		DIFF is positive
2025-01-11 09:32:46		Tracing result
2025-01-11 09:32:46		Setting up Adhan Time... for Isha
2025-01-11 09:32:46		Writing in Git all ADHAN files. including logs...
