2024-12-20 02:05:21		-------------------------------------------------------------
2024-12-20 02:05:21		++++++++++++PROC CLEAN++++++++++++
2024-12-20 02:05:21		Clean Current Adhan processes
2024-12-20 02:05:22		Number of processes to kill : 0
2024-12-20 02:05:22		++++++++++++FILE CLEAN++++++++++++
total 100
-rw-r--r-- 1 ted ted    61 Dec 17 20:02 psvlc_20241217200242.log
-rw-r--r-- 1 ted ted    61 Dec 17 20:03 psvlc_20241217200355.log
-rw-r--r-- 1 ted ted  2707 Dec 17 20:03 Traces_17122024.log
-rw-r--r-- 1 ted ted   974 Dec 18 02:05 psvlc_20241218020528.log
-rw-r--r-- 1 ted ted  1865 Dec 18 02:05 Traces_18122024.log
-rw-r--r-- 1 ted ted  1202 Dec 19 02:05 psvlc_20241219020527.log
-rw-r--r-- 1 ted ted  1200 Dec 19 02:06 psvlc_20241219020652.log
-rw-r--r-- 1 ted ted   975 Dec 19 09:43 psvlc_20241219094332.log
-rw-r--r-- 1 ted ted   974 Dec 19 09:44 psvlc_20241219094412.log
-rw-r--r-- 1 ted ted   516 Dec 19 12:55 psvlc_20241219125513.log
-rw-r--r-- 1 ted ted   745 Dec 19 13:26 psvlc_20241219132629.log
-rw-r--r-- 1 ted ted    61 Dec 19 22:53 psvlc_20241219225309.log
-rw-r--r-- 1 ted ted   122 Dec 19 22:55 psvlc_20241219225514.log
-rw-r--r-- 1 ted ted    61 Dec 19 22:57 psvlc_20241219225715.log
-rw-r--r-- 1 ted ted   968 Dec 19 22:57 psvlc_20241219225743.log
-rw-r--r-- 1 ted ted    61 Dec 19 22:59 psvlc_20241219225901.log
-rw-r--r-- 1 ted ted 27580 Dec 19 22:59 Traces_19122024.log
-rw-r--r-- 1 ted ted   299 Dec 20 02:05 Traces_20122024.log
2024-12-20 02:05:22		++++++++++++MAIN++++++++++++
2024-12-20 02:05:22		Getting Final URL
2024-12-20 02:05:22		Test Agument Present ? (if arg 1 == TEST, we will test). Arg 1 = []
2024-12-20 02:05:22		URL FINAL : https://api.aladhan.com/v1/timings/20-12-2024?latitude=48.7824971&longitude=2.343032&method=12
2024-12-20 02:05:23		Dhuhr Time For Dhuhr : 12:48
2024-12-20 02:05:23		DIFF between Dhuhr and now is : 38557
2024-12-20 02:05:23		DIFF is positive
2024-12-20 02:05:23		Setting up Adhan Time... for Dhuhr
2024-12-20 02:05:24		Asr Time For Asr : 14:39
2024-12-20 02:05:24		DIFF between Asr and now is : 45216
2024-12-20 02:05:24		DIFF is positive
2024-12-20 02:05:24		Setting up Adhan Time... for Asr
2024-12-20 02:05:25		Maghrib Time For Maghrib : 16:56
2024-12-20 02:05:25		DIFF between Maghrib and now is : 53435
2024-12-20 02:05:26		DIFF is positive
2024-12-20 02:05:26		Setting up Adhan Time... for Maghrib
2024-12-20 02:05:27		Isha Time For Isha : 18:14
2024-12-20 02:05:27		DIFF between Isha and now is : 58113
2024-12-20 02:05:27		DIFF is positive
2024-12-20 02:05:27		Tracing result
2024-12-20 02:05:27		Setting up Adhan Time... for Isha
2024-12-20 02:05:27		Writing in Git all ADHAN files. including logs...
2024-12-20 21:21:13		-------------------------------------------------------------
2024-12-20 21:21:13		++++++++++++PROC CLEAN++++++++++++
2024-12-20 21:21:13		Clean Current Adhan processes
2024-12-20 21:21:13		Number of processes to kill : 0
2024-12-20 21:21:13		++++++++++++FILE CLEAN++++++++++++
total 104
-rw-r--r-- 1 ted ted    61 Dec 17 20:02 psvlc_20241217200242.log
-rw-r--r-- 1 ted ted    61 Dec 17 20:03 psvlc_20241217200355.log
-rw-r--r-- 1 ted ted  2707 Dec 17 20:03 Traces_17122024.log
-rw-r--r-- 1 ted ted   974 Dec 18 02:05 psvlc_20241218020528.log
-rw-r--r-- 1 ted ted  1865 Dec 18 02:05 Traces_18122024.log
-rw-r--r-- 1 ted ted  1202 Dec 19 02:05 psvlc_20241219020527.log
-rw-r--r-- 1 ted ted  1200 Dec 19 02:06 psvlc_20241219020652.log
-rw-r--r-- 1 ted ted   975 Dec 19 09:43 psvlc_20241219094332.log
-rw-r--r-- 1 ted ted   974 Dec 19 09:44 psvlc_20241219094412.log
-rw-r--r-- 1 ted ted   516 Dec 19 12:55 psvlc_20241219125513.log
-rw-r--r-- 1 ted ted   745 Dec 19 13:26 psvlc_20241219132629.log
-rw-r--r-- 1 ted ted    61 Dec 19 22:53 psvlc_20241219225309.log
-rw-r--r-- 1 ted ted   122 Dec 19 22:55 psvlc_20241219225514.log
-rw-r--r-- 1 ted ted    61 Dec 19 22:57 psvlc_20241219225715.log
-rw-r--r-- 1 ted ted   968 Dec 19 22:57 psvlc_20241219225743.log
-rw-r--r-- 1 ted ted    61 Dec 19 22:59 psvlc_20241219225901.log
-rw-r--r-- 1 ted ted 27580 Dec 19 22:59 Traces_19122024.log
-rw-r--r-- 1 ted ted   746 Dec 20 02:05 psvlc_20241220020527.log
-rw-r--r-- 1 ted ted  2979 Dec 20 21:21 Traces_20122024.log
2024-12-20 21:21:13		++++++++++++MAIN++++++++++++
2024-12-20 21:21:13		Getting Final URL
2024-12-20 21:21:13		Test Agument Present ? (if arg 1 == TEST, we will test). Arg 1 = []
2024-12-20 21:21:13		URL FINAL : https://api.aladhan.com/v1/timings/20-12-2024?latitude=48.7824971&longitude=2.343032&method=12
2024-12-20 21:21:14		Dhuhr Time For Dhuhr : 12:48
2024-12-20 21:21:14		DIFF between Dhuhr and now is : -30794
2024-12-20 21:21:15		Asr Time For Asr : 14:39
2024-12-20 21:21:15		DIFF between Asr and now is : -24135
2024-12-20 21:21:15		Maghrib Time For Maghrib : 16:56
2024-12-20 21:21:15		DIFF between Maghrib and now is : -15915
2024-12-20 21:21:16		Isha Time For Isha : 18:14
2024-12-20 21:21:16		DIFF between Isha and now is : -11236
2024-12-20 21:21:16		Tracing result
2024-12-20 21:21:16		Writing in Git all ADHAN files. including logs...
2024-12-20 21:22:51		-------------------------------------------------------------
2024-12-20 21:22:51		++++++++++++PROC CLEAN++++++++++++
2024-12-20 21:22:51		Clean Current Adhan processes
2024-12-20 21:22:51		Number of processes to kill : 0
2024-12-20 21:22:51		++++++++++++FILE CLEAN++++++++++++
total 112
-rw-r--r-- 1 ted ted    61 Dec 17 20:02 psvlc_20241217200242.log
-rw-r--r-- 1 ted ted    61 Dec 17 20:03 psvlc_20241217200355.log
-rw-r--r-- 1 ted ted  2707 Dec 17 20:03 Traces_17122024.log
-rw-r--r-- 1 ted ted   974 Dec 18 02:05 psvlc_20241218020528.log
-rw-r--r-- 1 ted ted  1865 Dec 18 02:05 Traces_18122024.log
-rw-r--r-- 1 ted ted  1202 Dec 19 02:05 psvlc_20241219020527.log
-rw-r--r-- 1 ted ted  1200 Dec 19 02:06 psvlc_20241219020652.log
-rw-r--r-- 1 ted ted   975 Dec 19 09:43 psvlc_20241219094332.log
-rw-r--r-- 1 ted ted   974 Dec 19 09:44 psvlc_20241219094412.log
-rw-r--r-- 1 ted ted   516 Dec 19 12:55 psvlc_20241219125513.log
-rw-r--r-- 1 ted ted   745 Dec 19 13:26 psvlc_20241219132629.log
-rw-r--r-- 1 ted ted    61 Dec 19 22:53 psvlc_20241219225309.log
-rw-r--r-- 1 ted ted   122 Dec 19 22:55 psvlc_20241219225514.log
-rw-r--r-- 1 ted ted    61 Dec 19 22:57 psvlc_20241219225715.log
-rw-r--r-- 1 ted ted   968 Dec 19 22:57 psvlc_20241219225743.log
-rw-r--r-- 1 ted ted    61 Dec 19 22:59 psvlc_20241219225901.log
-rw-r--r-- 1 ted ted 27580 Dec 19 22:59 Traces_19122024.log
-rw-r--r-- 1 ted ted   746 Dec 20 02:05 psvlc_20241220020527.log
-rw-r--r-- 1 ted ted    61 Dec 20 21:21 psvlc_20241220212116.log
-rw-r--r-- 1 ted ted  5353 Dec 20 21:22 Traces_20122024.log
2024-12-20 21:22:51		++++++++++++MAIN++++++++++++
2024-12-20 21:22:51		Getting Final URL
2024-12-20 21:22:51		Test Agument Present ? (if arg 1 == TEST, we will test). Arg 1 = []
2024-12-20 21:22:51		URL FINAL : https://api.aladhan.com/v1/timings/20-12-2024?latitude=48.7824971&longitude=2.343032&method=12
2024-12-20 21:22:53		Fajr Time For Fajr : 07:23
2024-12-20 21:22:53		DIFF between Fajr and now is : -50393
2024-12-20 21:22:53		Dhuhr Time For Dhuhr : 12:48
2024-12-20 21:22:53		DIFF between Dhuhr and now is : -30893
2024-12-20 21:22:54		Asr Time For Asr : 14:39
2024-12-20 21:22:54		DIFF between Asr and now is : -24234
2024-12-20 21:22:55		Maghrib Time For Maghrib : 16:56
2024-12-20 21:22:55		DIFF between Maghrib and now is : -16015
2024-12-20 21:22:56		Isha Time For Isha : 18:14
2024-12-20 21:22:56		DIFF between Isha and now is : -11336
2024-12-20 21:22:56		Tracing result
2024-12-20 21:22:56		Writing in Git all ADHAN files. including logs...
