2024-12-17 20:02:38		-------------------------------------------------------------
2024-12-17 20:02:38		++++++++++++PROC CLEAN++++++++++++
2024-12-17 20:02:38		Clean Current Adhan processes
2024-12-17 20:02:38		Number of processes to kill : 0
2024-12-17 20:02:39		++++++++++++FILE CLEAN++++++++++++
total 4
-rw-r--r-- 1 ted ted 299 Dec 17 20:02 Traces_17122024.log
2024-12-17 20:02:39		++++++++++++MAIN++++++++++++
2024-12-17 20:02:39		Getting Final URL
2024-12-17 20:02:39		Test Agument Present ? (if arg 1 == TEST, we will test). Arg 1 = []
2024-12-17 20:02:39		URL FINAL : https://api.aladhan.com/v1/timings/17-12-2024?latitude=48.7824971&longitude=2.343032&method=12
2024-12-17 20:02:39		Fajr Time For Fajr : 07:21
2024-12-17 20:02:39		DIFF between Fajr and now is : -45699
2024-12-17 20:02:40		Dhuhr Time For Dhuhr : 12:47
2024-12-17 20:02:40		DIFF between Dhuhr and now is : -26140
2024-12-17 20:02:41		Asr Time For Asr : 14:38
2024-12-17 20:02:41		DIFF between Asr and now is : -19481
2024-12-17 20:02:42		Maghrib Time For Maghrib : 16:55
2024-12-17 20:02:42		DIFF between Maghrib and now is : -11262
2024-12-17 20:02:42		Isha Time For Isha : 18:13
2024-12-17 20:02:42		DIFF between Isha and now is : -6582
2024-12-17 20:02:42		Tracing result
2024-12-17 20:02:42		Writing in Git all ADHAN files. including logs...
2024-12-17 20:03:50		-------------------------------------------------------------
2024-12-17 20:03:50		++++++++++++PROC CLEAN++++++++++++
2024-12-17 20:03:50		Clean Current Adhan processes
2024-12-17 20:03:50		Number of processes to kill : 0
2024-12-17 20:03:50		++++++++++++FILE CLEAN++++++++++++
total 8
-rw-r--r-- 1 ted ted   61 Dec 17 20:02 psvlc_20241217200242.log
-rw-r--r-- 1 ted ted 1620 Dec 17 20:03 Traces_17122024.log
2024-12-17 20:03:50		++++++++++++MAIN++++++++++++
2024-12-17 20:03:50		Getting Final URL
2024-12-17 20:03:50		Test Agument Present ? (if arg 1 == TEST, we will test). Arg 1 = []
2024-12-17 20:03:50		URL FINAL : https://api.aladhan.com/v1/timings/17-12-2024?latitude=48.7824971&longitude=2.343032&method=12
2024-12-17 20:03:51		Fajr Time For Fajr : 07:21
2024-12-17 20:03:51		DIFF between Fajr and now is : -45771
2024-12-17 20:03:52		Dhuhr Time For Dhuhr : 12:47
2024-12-17 20:03:52		DIFF between Dhuhr and now is : -26212
2024-12-17 20:03:53		Asr Time For Asr : 14:38
2024-12-17 20:03:53		DIFF between Asr and now is : -19553
2024-12-17 20:03:54		Maghrib Time For Maghrib : 16:55
2024-12-17 20:03:54		DIFF between Maghrib and now is : -11334
2024-12-17 20:03:54		Isha Time For Isha : 18:13
2024-12-17 20:03:54		DIFF between Isha and now is : -6654
2024-12-17 20:03:55		Tracing result
2024-12-17 20:03:55		Writing in Git all ADHAN files. including logs...
